{"/home/travis/build/npmtest/node-npmtest-tingodb/test.js":{"path":"/home/travis/build/npmtest/node-npmtest-tingodb/test.js","s":{"1":2,"2":2,"3":2,"4":2,"5":2,"6":2,"7":2,"8":1,"9":2,"10":2,"11":1,"12":1,"13":1,"14":1,"15":2,"16":2,"17":2,"18":2,"19":1,"20":1,"21":2,"22":2,"23":2,"24":1,"25":1,"26":1,"27":1,"28":1,"29":1,"30":1,"31":1,"32":1,"33":1,"34":1,"35":1,"36":1,"37":1,"38":1,"39":2,"40":2,"41":1,"42":2,"43":2,"44":1,"45":2,"46":2,"47":1,"48":2,"49":2,"50":1,"51":1,"52":1,"53":1,"54":1},"b":{"1":[2,1,1,1],"2":[1,1,1,1],"3":[1,1],"4":[1,1],"5":[1,1],"6":[1,1],"7":[1,1],"8":[1,1],"9":[1,1],"10":[1,1,1],"11":[1,1],"12":[1,1],"13":[1,1],"14":[1,1],"15":[1,1],"16":[1,1],"17":[1,1]},"f":{"1":2,"2":2,"3":2,"4":2,"5":2,"6":1,"7":1,"8":1,"9":2,"10":2,"11":2,"12":2,"13":1},"fnMap":{"1":{"name":"(anonymous_1)","line":12,"loc":{"start":{"line":12,"column":1},"end":{"line":12,"column":13}}},"2":{"name":"(anonymous_2)","line":19,"loc":{"start":{"line":19,"column":5},"end":{"line":19,"column":17}}},"3":{"name":"(anonymous_3)","line":23,"loc":{"start":{"line":23,"column":24},"end":{"line":23,"column":36}}},"4":{"name":"(anonymous_4)","line":61,"loc":{"start":{"line":61,"column":5},"end":{"line":61,"column":17}}},"5":{"name":"(anonymous_5)","line":82,"loc":{"start":{"line":82,"column":5},"end":{"line":82,"column":17}}},"6":{"name":"(anonymous_6)","line":91,"loc":{"start":{"line":91,"column":77},"end":{"line":94,"column":10}}},"7":{"name":"(anonymous_7)","line":112,"loc":{"start":{"line":112,"column":83},"end":{"line":115,"column":10}},"skip":true},"8":{"name":"(anonymous_8)","line":123,"loc":{"start":{"line":123,"column":77},"end":{"line":126,"column":10}},"skip":true},"9":{"name":"(anonymous_9)","line":139,"loc":{"start":{"line":139,"column":12},"end":{"line":139,"column":40}},"skip":true},"10":{"name":"(anonymous_10)","line":147,"loc":{"start":{"line":147,"column":77},"end":{"line":150,"column":10}},"skip":true},"11":{"name":"(anonymous_11)","line":158,"loc":{"start":{"line":158,"column":83},"end":{"line":161,"column":10}},"skip":true},"12":{"name":"(anonymous_12)","line":169,"loc":{"start":{"line":169,"column":79},"end":{"line":172,"column":10}},"skip":true},"13":{"name":"(anonymous_13)","line":180,"loc":{"start":{"line":180,"column":75},"end":{"line":183,"column":10}},"skip":true}},"statementMap":{"1":{"start":{"line":12,"column":0},"end":{"line":195,"column":5}},"2":{"start":{"line":14,"column":4},"end":{"line":14,"column":14}},"3":{"start":{"line":19,"column":4},"end":{"line":56,"column":9}},"4":{"start":{"line":21,"column":8},"end":{"line":21,"column":19}},"5":{"start":{"line":23,"column":8},"end":{"line":35,"column":13}},"6":{"start":{"line":24,"column":12},"end":{"line":34,"column":13}},"7":{"start":{"line":25,"column":16},"end":{"line":28,"column":30}},"8":{"start":{"line":30,"column":16},"end":{"line":33,"column":27}},"9":{"start":{"line":37,"column":8},"end":{"line":39,"column":21}},"10":{"start":{"line":40,"column":8},"end":{"line":53,"column":9}},"11":{"start":{"line":43,"column":12},"end":{"line":46,"column":14}},"12":{"start":{"line":47,"column":12},"end":{"line":47,"column":18}},"13":{"start":{"line":50,"column":12},"end":{"line":51,"column":46}},"14":{"start":{"line":52,"column":12},"end":{"line":52,"column":18}},"15":{"start":{"line":55,"column":8},"end":{"line":55,"column":35}},"16":{"start":{"line":61,"column":4},"end":{"line":63,"column":9}},"17":{"start":{"line":62,"column":8},"end":{"line":62,"column":15}},"18":{"start":{"line":64,"column":4},"end":{"line":77,"column":5}},"19":{"start":{"line":70,"column":8},"end":{"line":70,"column":14}},"20":{"start":{"line":76,"column":8},"end":{"line":76,"column":14}},"21":{"start":{"line":82,"column":4},"end":{"line":84,"column":9}},"22":{"start":{"line":83,"column":8},"end":{"line":83,"column":15}},"23":{"start":{"line":85,"column":4},"end":{"line":194,"column":5}},"24":{"start":{"line":91,"column":8},"end":{"line":99,"column":10}},"25":{"start":{"line":98,"column":12},"end":{"line":98,"column":35}},"26":{"start":{"line":102,"column":8},"end":{"line":104,"column":63}},"27":{"start":{"line":105,"column":8},"end":{"line":105,"column":14}},"28":{"start":{"line":112,"column":8},"end":{"line":121,"column":10},"skip":true},"29":{"start":{"line":119,"column":12},"end":{"line":119,"column":55},"skip":true},"30":{"start":{"line":120,"column":12},"end":{"line":120,"column":48},"skip":true},"31":{"start":{"line":123,"column":8},"end":{"line":136,"column":10},"skip":true},"32":{"start":{"line":130,"column":12},"end":{"line":130,"column":76},"skip":true},"33":{"start":{"line":131,"column":12},"end":{"line":131,"column":73},"skip":true},"34":{"start":{"line":132,"column":12},"end":{"line":132,"column":74},"skip":true},"35":{"start":{"line":133,"column":12},"end":{"line":133,"column":79},"skip":true},"36":{"start":{"line":134,"column":12},"end":{"line":134,"column":25},"skip":true},"37":{"start":{"line":135,"column":12},"end":{"line":135,"column":45},"skip":true},"38":{"start":{"line":138,"column":8},"end":{"line":145,"column":14},"skip":true},"39":{"start":{"line":143,"column":16},"end":{"line":143,"column":29},"skip":true},"40":{"start":{"line":144,"column":16},"end":{"line":144,"column":55},"skip":true},"41":{"start":{"line":147,"column":8},"end":{"line":156,"column":10},"skip":true},"42":{"start":{"line":154,"column":12},"end":{"line":154,"column":25},"skip":true},"43":{"start":{"line":155,"column":12},"end":{"line":155,"column":45},"skip":true},"44":{"start":{"line":158,"column":8},"end":{"line":167,"column":10},"skip":true},"45":{"start":{"line":165,"column":12},"end":{"line":165,"column":25},"skip":true},"46":{"start":{"line":166,"column":12},"end":{"line":166,"column":48},"skip":true},"47":{"start":{"line":169,"column":8},"end":{"line":178,"column":10},"skip":true},"48":{"start":{"line":176,"column":12},"end":{"line":176,"column":25},"skip":true},"49":{"start":{"line":177,"column":12},"end":{"line":177,"column":46},"skip":true},"50":{"start":{"line":180,"column":8},"end":{"line":189,"column":10},"skip":true},"51":{"start":{"line":187,"column":12},"end":{"line":187,"column":94},"skip":true},"52":{"start":{"line":188,"column":12},"end":{"line":188,"column":48},"skip":true},"53":{"start":{"line":192,"column":8},"end":{"line":192,"column":35},"skip":true},"54":{"start":{"line":193,"column":8},"end":{"line":193,"column":14},"skip":true}},"branchMap":{"1":{"line":25,"type":"binary-expr","locations":[{"start":{"line":25,"column":23},"end":{"line":25,"column":62}},{"start":{"line":26,"column":20},"end":{"line":26,"column":70}},{"start":{"line":27,"column":20},"end":{"line":27,"column":71}},{"start":{"line":28,"column":20},"end":{"line":28,"column":29}}]},"2":{"line":30,"type":"binary-expr","locations":[{"start":{"line":30,"column":23},"end":{"line":30,"column":37}},{"start":{"line":31,"column":20},"end":{"line":31,"column":61}},{"start":{"line":32,"column":20},"end":{"line":32,"column":70}},{"start":{"line":33,"column":20},"end":{"line":33,"column":26}}]},"3":{"line":37,"type":"cond-expr","locations":[{"start":{"line":38,"column":14},"end":{"line":38,"column":20}},{"start":{"line":39,"column":14},"end":{"line":39,"column":20}}]},"4":{"line":40,"type":"switch","locations":[{"start":{"line":42,"column":8},"end":{"line":47,"column":18}},{"start":{"line":49,"column":8},"end":{"line":52,"column":18}}]},"5":{"line":44,"type":"binary-expr","locations":[{"start":{"line":44,"column":16},"end":{"line":44,"column":44}},{"start":{"line":44,"column":48},"end":{"line":44,"column":66}}]},"6":{"line":50,"type":"binary-expr","locations":[{"start":{"line":50,"column":21},"end":{"line":50,"column":49}},{"start":{"line":50,"column":53},"end":{"line":50,"column":72}}]},"7":{"line":64,"type":"switch","locations":[{"start":{"line":69,"column":4},"end":{"line":70,"column":14}},{"start":{"line":75,"column":4},"end":{"line":76,"column":14}}]},"8":{"line":85,"type":"switch","locations":[{"start":{"line":90,"column":4},"end":{"line":105,"column":14}},{"start":{"line":111,"column":4},"end":{"line":193,"column":14},"skip":true}]},"9":{"line":91,"type":"binary-expr","locations":[{"start":{"line":91,"column":42},"end":{"line":91,"column":73}},{"start":{"line":91,"column":77},"end":{"line":99,"column":9}}]},"10":{"line":102,"type":"binary-expr","locations":[{"start":{"line":102,"column":18},"end":{"line":102,"column":32}},{"start":{"line":103,"column":12},"end":{"line":103,"column":53}},{"start":{"line":104,"column":12},"end":{"line":104,"column":61}}]},"11":{"line":112,"type":"binary-expr","locations":[{"start":{"line":112,"column":45},"end":{"line":112,"column":79},"skip":true},{"start":{"line":112,"column":83},"end":{"line":121,"column":9},"skip":true}]},"12":{"line":123,"type":"binary-expr","locations":[{"start":{"line":123,"column":42},"end":{"line":123,"column":73},"skip":true},{"start":{"line":123,"column":77},"end":{"line":136,"column":9},"skip":true}]},"13":{"line":138,"type":"binary-expr","locations":[{"start":{"line":138,"column":48},"end":{"line":138,"column":85},"skip":true},{"start":{"line":139,"column":12},"end":{"line":145,"column":13},"skip":true}]},"14":{"line":147,"type":"binary-expr","locations":[{"start":{"line":147,"column":42},"end":{"line":147,"column":73},"skip":true},{"start":{"line":147,"column":77},"end":{"line":156,"column":9},"skip":true}]},"15":{"line":158,"type":"binary-expr","locations":[{"start":{"line":158,"column":45},"end":{"line":158,"column":79},"skip":true},{"start":{"line":158,"column":83},"end":{"line":167,"column":9},"skip":true}]},"16":{"line":169,"type":"binary-expr","locations":[{"start":{"line":169,"column":43},"end":{"line":169,"column":75},"skip":true},{"start":{"line":169,"column":79},"end":{"line":178,"column":9},"skip":true}]},"17":{"line":180,"type":"binary-expr","locations":[{"start":{"line":180,"column":41},"end":{"line":180,"column":71},"skip":true},{"start":{"line":180,"column":75},"end":{"line":189,"column":9},"skip":true}]}},"code":["/* istanbul instrument in package npmtest_tingodb */","/*jslint","    bitwise: true,","    browser: true,","    maxerr: 8,","    maxlen: 96,","    node: true,","    nomen: true,","    regexp: true,","    stupid: true","*/","(function () {","    'use strict';","    var local;","","","","    // run shared js-env code - pre-init","    (function () {","        // init local","        local = {};","        // init modeJs","        local.modeJs = (function () {","            try {","                return typeof navigator.userAgent === 'string' &&","                    typeof document.querySelector('body') === 'object' &&","                    typeof XMLHttpRequest.prototype.open === 'function' &&","                    'browser';","            } catch (errorCaughtBrowser) {","                return module.exports &&","                    typeof process.versions.node === 'string' &&","                    typeof require('http').createServer === 'function' &&","                    'node';","            }","        }());","        // init global","        local.global = local.modeJs === 'browser'","            ? window","            : global;","        switch (local.modeJs) {","        // re-init local from window.local","        case 'browser':","            local = local.global.utility2.objectSetDefault(","                local.global.utility2_rollup || local.global.local,","                local.global.utility2","            );","            break;","        // re-init local from example.js","        case 'node':","            local = (local.global.utility2_rollup || require('utility2'))","                .requireExampleJsFromReadme();","            break;","        }","        // export local","        local.global.local = local;","    }());","","","","    // run shared js-env code - function","    (function () {","        return;","    }());","    switch (local.modeJs) {","","","","    // run browser js-env code - function","    case 'browser':","        break;","","","","    // run node js-env code - function","    case 'node':","        break;","    }","","","","    // run shared js-env code - post-init","    (function () {","        return;","    }());","    switch (local.modeJs) {","","","","    // run browser js-env code - post-init","    case 'browser':","        local.testCase_browser_nullCase = local.testCase_browser_nullCase || function (","            options,","            onError","        ) {","        /*","         * this function will test browsers's null-case handling-behavior-behavior","         */","            onError(null, options);","        };","","        // run tests","        local.nop(local.modeTest &&","            document.querySelector('#testRunButton1') &&","            document.querySelector('#testRunButton1').click());","        break;","","","","    // run node js-env code - post-init","    /* istanbul ignore next */","    case 'node':","        local.testCase_buildApidoc_default = local.testCase_buildApidoc_default || function (","            options,","            onError","        ) {","        /*","         * this function will test buildApidoc's default handling-behavior-behavior","         */","            options = { modulePathList: module.paths };","            local.buildApidoc(options, onError);","        };","","        local.testCase_buildApp_default = local.testCase_buildApp_default || function (","            options,","            onError","        ) {","        /*","         * this function will test buildApp's default handling-behavior-behavior","         */","            local.testCase_buildReadme_default(options, local.onErrorThrow);","            local.testCase_buildLib_default(options, local.onErrorThrow);","            local.testCase_buildTest_default(options, local.onErrorThrow);","            local.testCase_buildCustomOrg_default(options, local.onErrorThrow);","            options = [];","            local.buildApp(options, onError);","        };","","        local.testCase_buildCustomOrg_default = local.testCase_buildCustomOrg_default ||","            function (options, onError) {","            /*","             * this function will test buildCustomOrg's default handling-behavior","             */","                options = {};","                local.buildCustomOrg(options, onError);","            };","","        local.testCase_buildLib_default = local.testCase_buildLib_default || function (","            options,","            onError","        ) {","        /*","         * this function will test buildLib's default handling-behavior","         */","            options = {};","            local.buildLib(options, onError);","        };","","        local.testCase_buildReadme_default = local.testCase_buildReadme_default || function (","            options,","            onError","        ) {","        /*","         * this function will test buildReadme's default handling-behavior-behavior","         */","            options = {};","            local.buildReadme(options, onError);","        };","","        local.testCase_buildTest_default = local.testCase_buildTest_default || function (","            options,","            onError","        ) {","        /*","         * this function will test buildTest's default handling-behavior","         */","            options = {};","            local.buildTest(options, onError);","        };","","        local.testCase_webpage_default = local.testCase_webpage_default || function (","            options,","            onError","        ) {","        /*","         * this function will test webpage's default handling-behavior","         */","            options = { modeCoverageMerge: true, url: local.serverLocalHost + '?modeTest=1' };","            local.browserTest(options, onError);","        };","","        // run test-server","        local.testRunServer(local);","        break;","    }","}());",""],"l":{"12":2,"14":2,"19":2,"21":2,"23":2,"24":2,"25":2,"30":1,"37":2,"40":2,"43":1,"47":1,"50":1,"52":1,"55":2,"61":2,"62":2,"64":2,"70":1,"76":1,"82":2,"83":2,"85":2,"91":1,"98":1,"102":1,"105":1,"112":1,"119":1,"120":1,"123":1,"130":1,"131":1,"132":1,"133":1,"134":1,"135":1,"138":1,"143":2,"144":2,"147":1,"154":2,"155":2,"158":1,"165":2,"166":2,"169":1,"176":2,"177":2,"180":1,"187":1,"188":1,"192":1,"193":1}},"/home/travis/build/npmtest/node-npmtest-tingodb/lib.npmtest_tingodb.js":{"path":"/home/travis/build/npmtest/node-npmtest-tingodb/lib.npmtest_tingodb.js","s":{"1":2,"2":2,"3":2,"4":2,"5":2,"6":2,"7":2,"8":1,"9":2,"10":2,"11":2,"12":2,"13":1,"14":1,"15":1,"16":1},"b":{"1":[2,1,1,1],"2":[1,1,1,1],"3":[1,1],"4":[2,2],"5":[1,1]},"f":{"1":2,"2":2,"3":2},"fnMap":{"1":{"name":"(anonymous_1)","line":12,"loc":{"start":{"line":12,"column":1},"end":{"line":12,"column":13}}},"2":{"name":"(anonymous_2)","line":19,"loc":{"start":{"line":19,"column":5},"end":{"line":19,"column":17}}},"3":{"name":"(anonymous_3)","line":23,"loc":{"start":{"line":23,"column":24},"end":{"line":23,"column":36}}}},"statementMap":{"1":{"start":{"line":12,"column":0},"end":{"line":53,"column":5}},"2":{"start":{"line":14,"column":4},"end":{"line":14,"column":14}},"3":{"start":{"line":19,"column":4},"end":{"line":52,"column":9}},"4":{"start":{"line":21,"column":8},"end":{"line":21,"column":19}},"5":{"start":{"line":23,"column":8},"end":{"line":35,"column":13}},"6":{"start":{"line":24,"column":12},"end":{"line":34,"column":13}},"7":{"start":{"line":25,"column":16},"end":{"line":28,"column":30}},"8":{"start":{"line":30,"column":16},"end":{"line":33,"column":27}},"9":{"start":{"line":37,"column":8},"end":{"line":39,"column":21}},"10":{"start":{"line":41,"column":8},"end":{"line":41,"column":54}},"11":{"start":{"line":43,"column":8},"end":{"line":43,"column":52}},"12":{"start":{"line":45,"column":8},"end":{"line":51,"column":9}},"13":{"start":{"line":46,"column":12},"end":{"line":46,"column":58}},"14":{"start":{"line":48,"column":12},"end":{"line":48,"column":35}},"15":{"start":{"line":49,"column":12},"end":{"line":49,"column":49}},"16":{"start":{"line":50,"column":12},"end":{"line":50,"column":43}}},"branchMap":{"1":{"line":25,"type":"binary-expr","locations":[{"start":{"line":25,"column":23},"end":{"line":25,"column":62}},{"start":{"line":26,"column":20},"end":{"line":26,"column":70}},{"start":{"line":27,"column":20},"end":{"line":27,"column":71}},{"start":{"line":28,"column":20},"end":{"line":28,"column":29}}]},"2":{"line":30,"type":"binary-expr","locations":[{"start":{"line":30,"column":23},"end":{"line":30,"column":37}},{"start":{"line":31,"column":20},"end":{"line":31,"column":61}},{"start":{"line":32,"column":20},"end":{"line":32,"column":70}},{"start":{"line":33,"column":20},"end":{"line":33,"column":26}}]},"3":{"line":37,"type":"cond-expr","locations":[{"start":{"line":38,"column":14},"end":{"line":38,"column":20}},{"start":{"line":39,"column":14},"end":{"line":39,"column":20}}]},"4":{"line":41,"type":"binary-expr","locations":[{"start":{"line":41,"column":16},"end":{"line":41,"column":44}},{"start":{"line":41,"column":48},"end":{"line":41,"column":53}}]},"5":{"line":45,"type":"if","locations":[{"start":{"line":45,"column":8},"end":{"line":45,"column":8}},{"start":{"line":45,"column":8},"end":{"line":45,"column":8}}]}},"code":["/* istanbul instrument in package npmtest_tingodb */","/*jslint","    bitwise: true,","    browser: true,","    maxerr: 8,","    maxlen: 96,","    node: true,","    nomen: true,","    regexp: true,","    stupid: true","*/","(function () {","    'use strict';","    var local;","","","","    // run shared js-env code - pre-init","    (function () {","        // init local","        local = {};","        // init modeJs","        local.modeJs = (function () {","            try {","                return typeof navigator.userAgent === 'string' &&","                    typeof document.querySelector('body') === 'object' &&","                    typeof XMLHttpRequest.prototype.open === 'function' &&","                    'browser';","            } catch (errorCaughtBrowser) {","                return module.exports &&","                    typeof process.versions.node === 'string' &&","                    typeof require('http').createServer === 'function' &&","                    'node';","            }","        }());","        // init global","        local.global = local.modeJs === 'browser'","            ? window","            : global;","        // init utility2_rollup","        local = local.global.utility2_rollup || local;","        // init lib","        local.local = local.npmtest_tingodb = local;","        // init exports","        if (local.modeJs === 'browser') {","            local.global.utility2_npmtest_tingodb = local;","        } else {","            module.exports = local;","            module.exports.__dirname = __dirname;","            module.exports.module = module;","        }","    }());","}());",""],"l":{"12":2,"14":2,"19":2,"21":2,"23":2,"24":2,"25":2,"30":1,"37":2,"41":2,"43":2,"45":2,"46":1,"48":1,"49":1,"50":1}},"/home/travis/build/npmtest/node-npmtest-tingodb/example.js":{"path":"/home/travis/build/npmtest/node-npmtest-tingodb/example.js","s":{"1":2,"2":2,"3":2,"4":2,"5":2,"6":2,"7":2,"8":1,"9":2,"10":2,"11":2,"12":2,"13":1,"14":2,"15":2,"16":2,"17":2,"18":2,"19":0,"20":2,"21":1,"22":1,"23":1,"24":1,"25":1,"26":0,"27":0,"28":1,"29":1,"30":2,"31":0,"32":0,"33":0,"34":1,"35":2,"36":2,"37":3,"38":3,"39":3,"40":3,"41":0,"42":3,"43":3,"44":3,"45":1,"46":3,"47":1,"48":1,"49":1,"50":1,"51":1,"52":1,"53":1,"54":1,"55":1,"56":1,"57":0,"58":1,"59":6,"60":6,"61":1,"62":2,"63":0,"64":2,"65":1,"66":1,"67":0,"68":0,"69":0,"70":0,"71":0,"72":0,"73":0,"74":0,"75":0,"76":0,"77":0,"78":0,"79":0,"80":0,"81":0,"82":0,"83":0},"b":{"1":[2,1,1,1],"2":[1,1,1,1],"3":[1,1],"4":[2,2],"5":[1,1],"6":[1,1],"7":[2,0],"8":[2,1,1,1,1,1],"9":[0,2,0],"10":[1,1],"11":[2,1,1],"12":[1,0],"13":[0,2],"14":[2,0,0,0,0,0,0],"15":[0,3],"16":[3,0],"17":[1,1],"18":[0,1],"19":[1,2,0,2],"20":[1,0],"21":[1,1],"22":[0,0],"23":[0,0],"24":[0,0],"25":[0,0],"26":[0,0],"27":[0,0],"28":[0,0]},"f":{"1":2,"2":2,"3":2,"4":2,"5":2,"6":2,"7":3,"8":3,"9":3,"10":1,"11":6,"12":0},"fnMap":{"1":{"name":"(anonymous_1)","line":26,"loc":{"start":{"line":26,"column":1},"end":{"line":26,"column":13}}},"2":{"name":"(anonymous_2)","line":33,"loc":{"start":{"line":33,"column":5},"end":{"line":33,"column":17}}},"3":{"name":"(anonymous_3)","line":37,"loc":{"start":{"line":37,"column":24},"end":{"line":37,"column":36}}},"4":{"name":"(anonymous_4)","line":69,"loc":{"start":{"line":69,"column":31},"end":{"line":69,"column":48}},"skip":true},"5":{"name":"(anonymous_5)","line":78,"loc":{"start":{"line":78,"column":26},"end":{"line":78,"column":45}},"skip":true},"6":{"name":"(anonymous_6)","line":123,"loc":{"start":{"line":123,"column":33},"end":{"line":123,"column":48}},"skip":true},"7":{"name":"(anonymous_7)","line":125,"loc":{"start":{"line":125,"column":27},"end":{"line":125,"column":39}},"skip":true},"8":{"name":"(anonymous_8)","line":133,"loc":{"start":{"line":133,"column":59},"end":{"line":133,"column":74}},"skip":true},"9":{"name":"(anonymous_9)","line":143,"loc":{"start":{"line":143,"column":45},"end":{"line":143,"column":62}},"skip":true},"10":{"name":"(anonymous_10)","line":144,"loc":{"start":{"line":144,"column":73},"end":{"line":144,"column":92}},"skip":true},"11":{"name":"(anonymous_11)","line":272,"loc":{"start":{"line":272,"column":51},"end":{"line":272,"column":77}},"skip":true},"12":{"name":"(anonymous_12)","line":315,"loc":{"start":{"line":315,"column":32},"end":{"line":315,"column":61}},"skip":true}},"statementMap":{"1":{"start":{"line":26,"column":0},"end":{"line":326,"column":5}},"2":{"start":{"line":28,"column":4},"end":{"line":28,"column":14}},"3":{"start":{"line":33,"column":4},"end":{"line":60,"column":9}},"4":{"start":{"line":35,"column":8},"end":{"line":35,"column":19}},"5":{"start":{"line":37,"column":8},"end":{"line":49,"column":13}},"6":{"start":{"line":38,"column":12},"end":{"line":48,"column":13}},"7":{"start":{"line":39,"column":16},"end":{"line":42,"column":30}},"8":{"start":{"line":44,"column":16},"end":{"line":47,"column":27}},"9":{"start":{"line":51,"column":8},"end":{"line":53,"column":21}},"10":{"start":{"line":55,"column":8},"end":{"line":57,"column":45}},"11":{"start":{"line":59,"column":8},"end":{"line":59,"column":35}},"12":{"start":{"line":61,"column":4},"end":{"line":325,"column":5}},"13":{"start":{"line":69,"column":8},"end":{"line":121,"column":10},"skip":true},"14":{"start":{"line":70,"column":12},"end":{"line":88,"column":13},"skip":true},"15":{"start":{"line":76,"column":16},"end":{"line":87,"column":19},"skip":true},"16":{"start":{"line":79,"column":20},"end":{"line":86,"column":21},"skip":true},"17":{"start":{"line":82,"column":24},"end":{"line":82,"column":43},"skip":true},"18":{"start":{"line":83,"column":24},"end":{"line":83,"column":30},"skip":true},"19":{"start":{"line":85,"column":24},"end":{"line":85,"column":49},"skip":true},"20":{"start":{"line":89,"column":12},"end":{"line":107,"column":13},"skip":true},"21":{"start":{"line":92,"column":16},"end":{"line":102,"column":17},"skip":true},"22":{"start":{"line":93,"column":20},"end":{"line":93,"column":86},"skip":true},"23":{"start":{"line":94,"column":20},"end":{"line":95,"column":45},"skip":true},"24":{"start":{"line":96,"column":20},"end":{"line":96,"column":42},"skip":true},"25":{"start":{"line":97,"column":20},"end":{"line":97,"column":48},"skip":true},"26":{"start":{"line":100,"column":20},"end":{"line":100,"column":85},"skip":true},"27":{"start":{"line":101,"column":20},"end":{"line":101,"column":96},"skip":true},"28":{"start":{"line":103,"column":16},"end":{"line":103,"column":22},"skip":true},"29":{"start":{"line":106,"column":16},"end":{"line":106,"column":22},"skip":true},"30":{"start":{"line":108,"column":12},"end":{"line":120,"column":13},"skip":true},"31":{"start":{"line":114,"column":16},"end":{"line":119,"column":17},"skip":true},"32":{"start":{"line":116,"column":20},"end":{"line":116,"column":78},"skip":true},"33":{"start":{"line":118,"column":20},"end":{"line":118,"column":47},"skip":true},"34":{"start":{"line":123,"column":8},"end":{"line":141,"column":11},"skip":true},"35":{"start":{"line":124,"column":12},"end":{"line":124,"column":54},"skip":true},"36":{"start":{"line":125,"column":12},"end":{"line":140,"column":14},"skip":true},"37":{"start":{"line":126,"column":16},"end":{"line":126,"column":28},"skip":true},"38":{"start":{"line":127,"column":16},"end":{"line":127,"column":69},"skip":true},"39":{"start":{"line":128,"column":16},"end":{"line":128,"column":75},"skip":true},"40":{"start":{"line":129,"column":16},"end":{"line":131,"column":17},"skip":true},"41":{"start":{"line":130,"column":20},"end":{"line":130,"column":27},"skip":true},"42":{"start":{"line":133,"column":16},"end":{"line":137,"column":36},"skip":true},"43":{"start":{"line":134,"column":20},"end":{"line":136,"column":55},"skip":true},"44":{"start":{"line":139,"column":16},"end":{"line":139,"column":57},"skip":true},"45":{"start":{"line":143,"column":8},"end":{"line":147,"column":11},"skip":true},"46":{"start":{"line":144,"column":12},"end":{"line":146,"column":15},"skip":true},"47":{"start":{"line":145,"column":16},"end":{"line":145,"column":70},"skip":true},"48":{"start":{"line":149,"column":8},"end":{"line":149,"column":31},"skip":true},"49":{"start":{"line":150,"column":8},"end":{"line":150,"column":14},"skip":true},"50":{"start":{"line":158,"column":8},"end":{"line":158,"column":31},"skip":true},"51":{"start":{"line":160,"column":8},"end":{"line":160,"column":33},"skip":true},"52":{"start":{"line":161,"column":8},"end":{"line":161,"column":37},"skip":true},"53":{"start":{"line":162,"column":8},"end":{"line":162,"column":35},"skip":true},"54":{"start":{"line":164,"column":8},"end":{"line":164,"column":50},"skip":true},"55":{"start":{"line":166,"column":8},"end":{"line":256,"column":2},"skip":true},"56":{"start":{"line":258,"column":8},"end":{"line":286,"column":9},"skip":true},"57":{"start":{"line":259,"column":12},"end":{"line":269,"column":14},"skip":true},"58":{"start":{"line":271,"column":12},"end":{"line":285,"column":19},"skip":true},"59":{"start":{"line":274,"column":20},"end":{"line":274,"column":35},"skip":true},"60":{"start":{"line":275,"column":20},"end":{"line":284,"column":21},"skip":true},"61":{"start":{"line":277,"column":24},"end":{"line":277,"column":64},"skip":true},"62":{"start":{"line":279,"column":24},"end":{"line":279,"column":40},"skip":true},"63":{"start":{"line":281,"column":24},"end":{"line":281,"column":40},"skip":true},"64":{"start":{"line":283,"column":24},"end":{"line":283,"column":39},"skip":true},"65":{"start":{"line":288,"column":8},"end":{"line":290,"column":9},"skip":true},"66":{"start":{"line":289,"column":12},"end":{"line":289,"column":18},"skip":true},"67":{"start":{"line":291,"column":8},"end":{"line":293,"column":54},"skip":true},"68":{"start":{"line":296,"column":8},"end":{"line":301,"column":37},"skip":true},"69":{"start":{"line":303,"column":8},"end":{"line":303,"column":82},"skip":true},"70":{"start":{"line":306,"column":8},"end":{"line":308,"column":9},"skip":true},"71":{"start":{"line":307,"column":12},"end":{"line":307,"column":82},"skip":true},"72":{"start":{"line":310,"column":8},"end":{"line":312,"column":9},"skip":true},"73":{"start":{"line":311,"column":12},"end":{"line":311,"column":18},"skip":true},"74":{"start":{"line":313,"column":8},"end":{"line":313,"column":54},"skip":true},"75":{"start":{"line":314,"column":8},"end":{"line":314,"column":69},"skip":true},"76":{"start":{"line":315,"column":8},"end":{"line":323,"column":36},"skip":true},"77":{"start":{"line":316,"column":12},"end":{"line":316,"column":61},"skip":true},"78":{"start":{"line":317,"column":12},"end":{"line":320,"column":13},"skip":true},"79":{"start":{"line":318,"column":16},"end":{"line":318,"column":75},"skip":true},"80":{"start":{"line":319,"column":16},"end":{"line":319,"column":23},"skip":true},"81":{"start":{"line":321,"column":12},"end":{"line":321,"column":38},"skip":true},"82":{"start":{"line":322,"column":12},"end":{"line":322,"column":27},"skip":true},"83":{"start":{"line":324,"column":8},"end":{"line":324,"column":14},"skip":true}},"branchMap":{"1":{"line":39,"type":"binary-expr","locations":[{"start":{"line":39,"column":23},"end":{"line":39,"column":62}},{"start":{"line":40,"column":20},"end":{"line":40,"column":70}},{"start":{"line":41,"column":20},"end":{"line":41,"column":71}},{"start":{"line":42,"column":20},"end":{"line":42,"column":29}}]},"2":{"line":44,"type":"binary-expr","locations":[{"start":{"line":44,"column":23},"end":{"line":44,"column":37}},{"start":{"line":45,"column":20},"end":{"line":45,"column":61}},{"start":{"line":46,"column":20},"end":{"line":46,"column":70}},{"start":{"line":47,"column":20},"end":{"line":47,"column":26}}]},"3":{"line":51,"type":"cond-expr","locations":[{"start":{"line":52,"column":14},"end":{"line":52,"column":20}},{"start":{"line":53,"column":14},"end":{"line":53,"column":20}}]},"4":{"line":55,"type":"binary-expr","locations":[{"start":{"line":55,"column":16},"end":{"line":55,"column":44}},{"start":{"line":55,"column":49},"end":{"line":57,"column":43}}]},"5":{"line":55,"type":"cond-expr","locations":[{"start":{"line":56,"column":14},"end":{"line":56,"column":51}},{"start":{"line":57,"column":14},"end":{"line":57,"column":43}}]},"6":{"line":61,"type":"switch","locations":[{"start":{"line":68,"column":4},"end":{"line":150,"column":14},"skip":true},{"start":{"line":156,"column":4},"end":{"line":324,"column":14},"skip":true}]},"7":{"line":70,"type":"if","locations":[{"start":{"line":70,"column":12},"end":{"line":70,"column":12},"skip":true},{"start":{"line":70,"column":12},"end":{"line":70,"column":12},"skip":true}]},"8":{"line":70,"type":"binary-expr","locations":[{"start":{"line":70,"column":16},"end":{"line":70,"column":22},"skip":true},{"start":{"line":70,"column":27},"end":{"line":70,"column":32},"skip":true},{"start":{"line":71,"column":20},"end":{"line":71,"column":39},"skip":true},{"start":{"line":72,"column":20},"end":{"line":72,"column":49},"skip":true},{"start":{"line":73,"column":20},"end":{"line":73,"column":58},"skip":true},{"start":{"line":74,"column":20},"end":{"line":74,"column":69},"skip":true}]},"9":{"line":79,"type":"switch","locations":[{"start":{"line":80,"column":20},"end":{"line":80,"column":33},"skip":true},{"start":{"line":81,"column":20},"end":{"line":83,"column":30},"skip":true},{"start":{"line":84,"column":20},"end":{"line":85,"column":49},"skip":true}]},"10":{"line":89,"type":"switch","locations":[{"start":{"line":90,"column":12},"end":{"line":103,"column":22},"skip":true},{"start":{"line":105,"column":12},"end":{"line":106,"column":22},"skip":true}]},"11":{"line":89,"type":"binary-expr","locations":[{"start":{"line":89,"column":20},"end":{"line":89,"column":25},"skip":true},{"start":{"line":89,"column":29},"end":{"line":89,"column":48},"skip":true},{"start":{"line":89,"column":52},"end":{"line":89,"column":74},"skip":true}]},"12":{"line":92,"type":"if","locations":[{"start":{"line":92,"column":16},"end":{"line":92,"column":16},"skip":true},{"start":{"line":92,"column":16},"end":{"line":92,"column":16},"skip":true}]},"13":{"line":108,"type":"if","locations":[{"start":{"line":108,"column":12},"end":{"line":108,"column":12},"skip":true},{"start":{"line":108,"column":12},"end":{"line":108,"column":12},"skip":true}]},"14":{"line":108,"type":"binary-expr","locations":[{"start":{"line":108,"column":16},"end":{"line":108,"column":61},"skip":true},{"start":{"line":108,"column":66},"end":{"line":108,"column":72},"skip":true},{"start":{"line":108,"column":77},"end":{"line":108,"column":82},"skip":true},{"start":{"line":109,"column":20},"end":{"line":109,"column":39},"skip":true},{"start":{"line":110,"column":20},"end":{"line":110,"column":49},"skip":true},{"start":{"line":111,"column":20},"end":{"line":111,"column":58},"skip":true},{"start":{"line":112,"column":20},"end":{"line":112,"column":68},"skip":true}]},"15":{"line":129,"type":"if","locations":[{"start":{"line":129,"column":16},"end":{"line":129,"column":16},"skip":true},{"start":{"line":129,"column":16},"end":{"line":129,"column":16},"skip":true}]},"16":{"line":134,"type":"cond-expr","locations":[{"start":{"line":135,"column":26},"end":{"line":135,"column":29},"skip":true},{"start":{"line":136,"column":26},"end":{"line":136,"column":54},"skip":true}]},"17":{"line":164,"type":"binary-expr","locations":[{"start":{"line":164,"column":27},"end":{"line":164,"column":43},"skip":true},{"start":{"line":164,"column":47},"end":{"line":164,"column":49},"skip":true}]},"18":{"line":258,"type":"if","locations":[{"start":{"line":258,"column":8},"end":{"line":258,"column":8},"skip":true},{"start":{"line":258,"column":8},"end":{"line":258,"column":8},"skip":true}]},"19":{"line":275,"type":"switch","locations":[{"start":{"line":276,"column":20},"end":{"line":277,"column":64},"skip":true},{"start":{"line":278,"column":20},"end":{"line":279,"column":40},"skip":true},{"start":{"line":280,"column":20},"end":{"line":281,"column":40},"skip":true},{"start":{"line":282,"column":20},"end":{"line":283,"column":39},"skip":true}]},"20":{"line":288,"type":"if","locations":[{"start":{"line":288,"column":8},"end":{"line":288,"column":8},"skip":true},{"start":{"line":288,"column":8},"end":{"line":288,"column":8},"skip":true}]},"21":{"line":288,"type":"binary-expr","locations":[{"start":{"line":288,"column":12},"end":{"line":288,"column":40},"skip":true},{"start":{"line":288,"column":44},"end":{"line":288,"column":67},"skip":true}]},"22":{"line":292,"type":"binary-expr","locations":[{"start":{"line":292,"column":12},"end":{"line":292,"column":50},"skip":true},{"start":{"line":293,"column":12},"end":{"line":293,"column":53},"skip":true}]},"23":{"line":297,"type":"binary-expr","locations":[{"start":{"line":297,"column":12},"end":{"line":297,"column":65},"skip":true},{"start":{"line":298,"column":12},"end":{"line":301,"column":36},"skip":true}]},"24":{"line":303,"type":"binary-expr","locations":[{"start":{"line":303,"column":43},"end":{"line":303,"column":75},"skip":true},{"start":{"line":303,"column":79},"end":{"line":303,"column":81},"skip":true}]},"25":{"line":306,"type":"if","locations":[{"start":{"line":306,"column":8},"end":{"line":306,"column":8},"skip":true},{"start":{"line":306,"column":8},"end":{"line":306,"column":8},"skip":true}]},"26":{"line":310,"type":"if","locations":[{"start":{"line":310,"column":8},"end":{"line":310,"column":8},"skip":true},{"start":{"line":310,"column":8},"end":{"line":310,"column":8},"skip":true}]},"27":{"line":313,"type":"binary-expr","locations":[{"start":{"line":313,"column":27},"end":{"line":313,"column":43},"skip":true},{"start":{"line":313,"column":47},"end":{"line":313,"column":53},"skip":true}]},"28":{"line":317,"type":"if","locations":[{"start":{"line":317,"column":12},"end":{"line":317,"column":12},"skip":true},{"start":{"line":317,"column":12},"end":{"line":317,"column":12},"skip":true}]}},"code":["/*","example.js","","quickstart example","","instruction","    1. save this script as example.js","    2. run the shell command:","        $ npm install npmtest-tingodb && PORT=8081 node example.js","    3. play with the browser-demo on http://127.0.0.1:8081","*/","","","","/* istanbul instrument in package npmtest_tingodb */","/*jslint","    bitwise: true,","    browser: true,","    maxerr: 8,","    maxlen: 96,","    node: true,","    nomen: true,","    regexp: true,","    stupid: true","*/","(function () {","    'use strict';","    var local;","","","","    // run shared js-env code - pre-init","    (function () {","        // init local","        local = {};","        // init modeJs","        local.modeJs = (function () {","            try {","                return typeof navigator.userAgent === 'string' &&","                    typeof document.querySelector('body') === 'object' &&","                    typeof XMLHttpRequest.prototype.open === 'function' &&","                    'browser';","            } catch (errorCaughtBrowser) {","                return module.exports &&","                    typeof process.versions.node === 'string' &&","                    typeof require('http').createServer === 'function' &&","                    'node';","            }","        }());","        // init global","        local.global = local.modeJs === 'browser'","            ? window","            : global;","        // init utility2_rollup","        local = local.global.utility2_rollup || (local.modeJs === 'browser'","            ? local.global.utility2_npmtest_tingodb","            : global.utility2_moduleExports);","        // export local","        local.global.local = local;","    }());","    switch (local.modeJs) {","","","","    // post-init","    // run browser js-env code - post-init","    /* istanbul ignore next */","    case 'browser':","        local.testRunBrowser = function (event) {","            if (!event || (event &&","                    event.currentTarget &&","                    event.currentTarget.className &&","                    event.currentTarget.className.includes &&","                    event.currentTarget.className.includes('onreset'))) {","                // reset output","                Array.from(","                    document.querySelectorAll('body > .resettable')","                ).forEach(function (element) {","                    switch (element.tagName) {","                    case 'INPUT':","                    case 'TEXTAREA':","                        element.value = '';","                        break;","                    default:","                        element.textContent = '';","                    }","                });","            }","            switch (event && event.currentTarget && event.currentTarget.id) {","            case 'testRunButton1':","                // show tests","                if (document.querySelector('#testReportDiv1').style.display === 'none') {","                    document.querySelector('#testReportDiv1').style.display = 'block';","                    document.querySelector('#testRunButton1').textContent =","                        'hide internal test';","                    local.modeTest = true;","                    local.testRunDefault(local);","                // hide tests","                } else {","                    document.querySelector('#testReportDiv1').style.display = 'none';","                    document.querySelector('#testRunButton1').textContent = 'run internal test';","                }","                break;","            // custom-case","            default:","                break;","            }","            if (document.querySelector('#inputTextareaEval1') && (!event || (event &&","                    event.currentTarget &&","                    event.currentTarget.className &&","                    event.currentTarget.className.includes &&","                    event.currentTarget.className.includes('oneval')))) {","                // try to eval input-code","                try {","                    /*jslint evil: true*/","                    eval(document.querySelector('#inputTextareaEval1').value);","                } catch (errorCaught) {","                    console.error(errorCaught);","                }","            }","        };","        // log stderr and stdout to #outputTextareaStdout1","        ['error', 'log'].forEach(function (key) {","            console[key + '_original'] = console[key];","            console[key] = function () {","                var element;","                console[key + '_original'].apply(console, arguments);","                element = document.querySelector('#outputTextareaStdout1');","                if (!element) {","                    return;","                }","                // append text to #outputTextareaStdout1","                element.value += Array.from(arguments).map(function (arg) {","                    return typeof arg === 'string'","                        ? arg","                        : JSON.stringify(arg, null, 4);","                }).join(' ') + '\\n';","                // scroll textarea to bottom","                element.scrollTop = element.scrollHeight;","            };","        });","        // init event-handling","        ['change', 'click', 'keyup'].forEach(function (event) {","            Array.from(document.querySelectorAll('.on' + event)).forEach(function (element) {","                element.addEventListener(event, local.testRunBrowser);","            });","        });","        // run tests","        local.testRunBrowser();","        break;","","","","    // run node js-env code - post-init","    /* istanbul ignore next */","    case 'node':","        // export local","        module.exports = local;","        // require modules","        local.fs = require('fs');","        local.http = require('http');","        local.url = require('url');","        // init assets","        local.assetsDict = local.assetsDict || {};","        /* jslint-ignore-begin */","        local.assetsDict['/assets.index.template.html'] = '\\","<!doctype html>\\n\\","<html lang=\"en\">\\n\\","<head>\\n\\","<meta charset=\"UTF-8\">\\n\\","<meta name=\"viewport\" content=\"width=device-width, initial-scale=1\">\\n\\","<title>{{env.npm_package_name}} (v{{env.npm_package_version}})</title>\\n\\","<style>\\n\\","/*csslint\\n\\","    box-sizing: false,\\n\\","    universal-selector: false\\n\\","*/\\n\\","* {\\n\\","    box-sizing: border-box;\\n\\","}\\n\\","body {\\n\\","    background: #dde;\\n\\","    font-family: Arial, Helvetica, sans-serif;\\n\\","    margin: 2rem;\\n\\","}\\n\\","body > * {\\n\\","    margin-bottom: 1rem;\\n\\","}\\n\\",".utility2FooterDiv {\\n\\","    margin-top: 20px;\\n\\","    text-align: center;\\n\\","}\\n\\","</style>\\n\\","<style>\\n\\","/*csslint\\n\\","*/\\n\\","textarea {\\n\\","    font-family: monospace;\\n\\","    height: 10rem;\\n\\","    width: 100%;\\n\\","}\\n\\","textarea[readonly] {\\n\\","    background: #ddd;\\n\\","}\\n\\","</style>\\n\\","</head>\\n\\","<body>\\n\\","<!-- utility2-comment\\n\\","<div id=\"ajaxProgressDiv1\" style=\"background: #d00; height: 2px; left: 0; margin: 0; padding: 0; position: fixed; top: 0; transition: background 0.5s, width 1.5s; width: 25%;\"></div>\\n\\","utility2-comment -->\\n\\","<h1>\\n\\","<!-- utility2-comment\\n\\","    <a\\n\\","        {{#if env.npm_package_homepage}}\\n\\","        href=\"{{env.npm_package_homepage}}\"\\n\\","        {{/if env.npm_package_homepage}}\\n\\","        target=\"_blank\"\\n\\","    >\\n\\","utility2-comment -->\\n\\","        {{env.npm_package_name}} (v{{env.npm_package_version}})\\n\\","<!-- utility2-comment\\n\\","    </a>\\n\\","utility2-comment -->\\n\\","</h1>\\n\\","<h3>{{env.npm_package_description}}</h3>\\n\\","<!-- utility2-comment\\n\\","<h4><a download href=\"assets.app.js\">download standalone app</a></h4>\\n\\","<button class=\"onclick onreset\" id=\"testRunButton1\">run internal test</button><br>\\n\\","<div id=\"testReportDiv1\" style=\"display: none;\"></div>\\n\\","utility2-comment -->\\n\\","\\n\\","\\n\\","\\n\\","<label>stderr and stdout</label>\\n\\","<textarea class=\"resettable\" id=\"outputTextareaStdout1\" readonly></textarea>\\n\\","<!-- utility2-comment\\n\\","{{#if isRollup}}\\n\\","<script src=\"assets.app.js\"></script>\\n\\","{{#unless isRollup}}\\n\\","utility2-comment -->\\n\\","<script src=\"assets.utility2.rollup.js\"></script>\\n\\","<script src=\"jsonp.utility2._stateInit?callback=window.utility2._stateInit\"></script>\\n\\","<script src=\"assets.npmtest_tingodb.rollup.js\"></script>\\n\\","<script src=\"assets.example.js\"></script>\\n\\","<script src=\"assets.test.js\"></script>\\n\\","<!-- utility2-comment\\n\\","{{/if isRollup}}\\n\\","utility2-comment -->\\n\\","<div class=\"utility2FooterDiv\">\\n\\","    [ this app was created with\\n\\","    <a href=\"https://github.com/kaizhu256/node-utility2\" target=\"_blank\">utility2</a>\\n\\","    ]\\n\\","</div>\\n\\","</body>\\n\\","</html>\\n\\","';","        /* jslint-ignore-end */","        if (local.templateRender) {","            local.assetsDict['/'] = local.templateRender(","                local.assetsDict['/assets.index.template.html'],","                {","                    env: local.objectSetDefault(local.env, {","                        npm_package_description: 'the greatest app in the world!',","                        npm_package_name: 'my-app',","                        npm_package_nameAlias: 'my_app',","                        npm_package_version: '0.0.1'","                    })","                }","            );","        } else {","            local.assetsDict['/'] = local.assetsDict['/assets.index.template.html']","                .replace((/\\{\\{env\\.(\\w+?)\\}\\}/g), function (match0, match1) {","                    // jslint-hack","                    String(match0);","                    switch (match1) {","                    case 'npm_package_description':","                        return 'the greatest app in the world!';","                    case 'npm_package_name':","                        return 'my-app';","                    case 'npm_package_nameAlias':","                        return 'my_app';","                    case 'npm_package_version':","                        return '0.0.1';","                    }","                });","        }","        // run the cli","        if (local.global.utility2_rollup || module !== require.main) {","            break;","        }","        local.assetsDict['/assets.example.js'] =","            local.assetsDict['/assets.example.js'] ||","            local.fs.readFileSync(__filename, 'utf8');","        // bug-workaround - long $npm_package_buildCustomOrg","        /* jslint-ignore-begin */","        local.assetsDict['/assets.npmtest_tingodb.rollup.js'] =","            local.assetsDict['/assets.npmtest_tingodb.rollup.js'] ||","            local.fs.readFileSync(","                local.npmtest_tingodb.__dirname + '/lib.npmtest_tingodb.js',","                'utf8'","            ).replace((/^#!/), '//');","        /* jslint-ignore-end */","        local.assetsDict['/favicon.ico'] = local.assetsDict['/favicon.ico'] || '';","        // if $npm_config_timeout_exit exists,","        // then exit this process after $npm_config_timeout_exit ms","        if (Number(process.env.npm_config_timeout_exit)) {","            setTimeout(process.exit, Number(process.env.npm_config_timeout_exit));","        }","        // start server","        if (local.global.utility2_serverHttp1) {","            break;","        }","        process.env.PORT = process.env.PORT || '8081';","        console.error('server starting on port ' + process.env.PORT);","        local.http.createServer(function (request, response) {","            request.urlParsed = local.url.parse(request.url);","            if (local.assetsDict[request.urlParsed.pathname] !== undefined) {","                response.end(local.assetsDict[request.urlParsed.pathname]);","                return;","            }","            response.statusCode = 404;","            response.end();","        }).listen(process.env.PORT);","        break;","    }","}());",""],"l":{"26":2,"28":2,"33":2,"35":2,"37":2,"38":2,"39":2,"44":1,"51":2,"55":2,"59":2,"61":2,"69":1,"70":2,"76":2,"79":2,"82":2,"83":2,"85":1,"89":2,"92":1,"93":1,"94":1,"96":1,"97":1,"100":1,"101":1,"103":1,"106":1,"108":2,"114":1,"116":1,"118":1,"123":1,"124":2,"125":2,"126":3,"127":3,"128":3,"129":3,"130":1,"133":3,"134":3,"139":3,"143":1,"144":3,"145":1,"149":1,"150":1,"158":1,"160":1,"161":1,"162":1,"164":1,"166":1,"258":1,"259":1,"271":1,"274":6,"275":6,"277":1,"279":2,"281":1,"283":2,"288":1,"289":1,"291":1,"296":1,"303":1,"306":1,"307":1,"310":1,"311":1,"313":1,"314":1,"315":1,"316":1,"317":1,"318":1,"319":1,"321":1,"322":1,"324":1}},"/home/travis/build/npmtest/node-npmtest-tingodb/node_modules/tingodb/lib/main.js":{"path":"/home/travis/build/npmtest/node-npmtest-tingodb/node_modules/tingodb/lib/main.js","s":{"1":1,"2":0,"3":0,"4":0,"5":0,"6":0,"7":0,"8":1,"9":0,"10":0,"11":0,"12":0,"13":0,"14":0,"15":0,"16":0,"17":0,"18":0,"19":0},"b":{"1":[0,0],"2":[0,0],"3":[0,0],"4":[0,0]},"f":{"1":0,"2":0,"3":0,"4":0},"fnMap":{"1":{"name":"(anonymous_1)","line":1,"loc":{"start":{"line":1,"column":17},"end":{"line":1,"column":33}}},"2":{"name":"(anonymous_2)","line":6,"loc":{"start":{"line":6,"column":31},"end":{"line":6,"column":43}}},"3":{"name":"gdb","line":10,"loc":{"start":{"line":10,"column":1},"end":{"line":10,"column":31}}},"4":{"name":"(anonymous_4)","line":17,"loc":{"start":{"line":17,"column":9},"end":{"line":17,"column":20}}}},"statementMap":{"1":{"start":{"line":1,"column":0},"end":{"line":29,"column":1}},"2":{"start":{"line":2,"column":1},"end":{"line":2,"column":19}},"3":{"start":{"line":3,"column":1},"end":{"line":3,"column":30}},"4":{"start":{"line":4,"column":1},"end":{"line":4,"column":120}},"5":{"start":{"line":5,"column":1},"end":{"line":9,"column":2}},"6":{"start":{"line":6,"column":2},"end":{"line":8,"column":3}},"7":{"start":{"line":7,"column":3},"end":{"line":7,"column":26}},"8":{"start":{"line":10,"column":1},"end":{"line":16,"column":2}},"9":{"start":{"line":11,"column":2},"end":{"line":11,"column":63}},"10":{"start":{"line":12,"column":2},"end":{"line":12,"column":27}},"11":{"start":{"line":13,"column":2},"end":{"line":13,"column":41}},"12":{"start":{"line":14,"column":2},"end":{"line":14,"column":47}},"13":{"start":{"line":15,"column":2},"end":{"line":15,"column":42}},"14":{"start":{"line":17,"column":1},"end":{"line":17,"column":23}},"15":{"start":{"line":18,"column":4},"end":{"line":18,"column":30}},"16":{"start":{"line":19,"column":4},"end":{"line":19,"column":27}},"17":{"start":{"line":20,"column":4},"end":{"line":20,"column":35}},"18":{"start":{"line":21,"column":4},"end":{"line":21,"column":33}},"19":{"start":{"line":22,"column":1},"end":{"line":28,"column":2}}},"branchMap":{"1":{"line":2,"type":"binary-expr","locations":[{"start":{"line":2,"column":8},"end":{"line":2,"column":12}},{"start":{"line":2,"column":16},"end":{"line":2,"column":18}}]},"2":{"line":4,"type":"cond-expr","locations":[{"start":{"line":4,"column":39},"end":{"line":4,"column":94}},{"start":{"line":4,"column":98},"end":{"line":4,"column":119}}]},"3":{"line":4,"type":"binary-expr","locations":[{"start":{"line":4,"column":39},"end":{"line":4,"column":63}},{"start":{"line":4,"column":67},"end":{"line":4,"column":94}}]},"4":{"line":5,"type":"if","locations":[{"start":{"line":5,"column":1},"end":{"line":5,"column":1}},{"start":{"line":5,"column":1},"end":{"line":5,"column":1}}]}},"code":["module.exports = function (opts) {","\topts = opts || {};","\tvar db = require('./tdb.js');","\tvar ObjectID = opts.nativeObjectID ? (require(\"bson\").ObjectID || require(\"mongodb\").ObjectID) : require(\"./ObjectId\");","\tif (opts.nativeObjectID) {","\t\tObjectID.prototype.valueOf = function () {","\t\t\treturn this.toString();","\t\t}","\t}","\tfunction gdb (path,optsLocal) {","\t\tgdb.superclass.constructor.call(this, path, optsLocal, opts);","\t\tthis.ObjectID = ObjectID;","\t\tthis.Code = require('./tcode.js').Code;","\t\tthis.Binary = require('./tbinary.js').Binary;","\t\tthis.Finder = require(\"./finder\")(this);","\t}","\tvar F = function() { }","    F.prototype = db.prototype","    gdb.prototype = new F()","    gdb.prototype.constructor = gdb","    gdb.superclass = db.prototype","\treturn {","\t\tDb:gdb,","\t\tCollection:require('./tcoll.js'),","\t\tCode:require('./tcode.js').Code,","\t\tBinary:require('./tbinary.js').Binary,","\t\tObjectID:ObjectID","\t}","}",""],"l":{"1":1,"2":0,"3":0,"4":0,"5":0,"6":0,"7":0,"10":1,"11":0,"12":0,"13":0,"14":0,"15":0,"17":0,"18":0,"19":0,"20":0,"21":0,"22":0}},"/home/travis/build/npmtest/node-npmtest-tingodb/node_modules/tingodb/lib/db.js":{"path":"/home/travis/build/npmtest/node-npmtest-tingodb/node_modules/tingodb/lib/db.js","s":{"1":1,"2":1,"3":1,"4":0,"5":0},"b":{},"f":{"1":0,"2":0},"fnMap":{"1":{"name":"tdb","line":1,"loc":{"start":{"line":1,"column":0},"end":{"line":1,"column":15}}},"2":{"name":"(anonymous_2)","line":5,"loc":{"start":{"line":5,"column":21},"end":{"line":5,"column":50}}}},"statementMap":{"1":{"start":{"line":1,"column":0},"end":{"line":1,"column":17}},"2":{"start":{"line":3,"column":0},"end":{"line":3,"column":21}},"3":{"start":{"line":5,"column":0},"end":{"line":8,"column":2}},"4":{"start":{"line":6,"column":1},"end":{"line":6,"column":19}},"5":{"start":{"line":7,"column":1},"end":{"line":7,"column":10}}},"branchMap":{},"code":["function tdb() {}","","module.exports = tdb;","","tdb.prototype.init = function (path, options, cb) {","\tthis._path = path;","\tcb(null);","};",""],"l":{"1":1,"3":1,"5":1,"6":0,"7":0}},"/home/travis/build/npmtest/node-npmtest-tingodb/node_modules/tingodb/lib/finder.js":{"path":"/home/travis/build/npmtest/node-npmtest-tingodb/node_modules/tingodb/lib/finder.js","s":{"1":1,"2":1,"3":1,"4":1,"5":0,"6":0,"7":1,"8":0,"9":0,"10":0,"11":0,"12":0,"13":0,"14":0,"15":0,"16":0,"17":0,"18":0,"19":0,"20":0,"21":0,"22":0,"23":0,"24":0,"25":0,"26":0,"27":0,"28":0,"29":0,"30":0,"31":0,"32":0,"33":0,"34":0,"35":0,"36":0,"37":0,"38":0,"39":0,"40":0,"41":0,"42":0,"43":0,"44":0,"45":0,"46":0,"47":0,"48":0,"49":0,"50":0,"51":0,"52":0,"53":0,"54":0,"55":0,"56":0,"57":0,"58":0,"59":0,"60":0,"61":0,"62":0,"63":0,"64":0,"65":0,"66":0,"67":0,"68":0,"69":0,"70":0,"71":0,"72":0,"73":0,"74":0,"75":0,"76":0,"77":0,"78":0,"79":0,"80":0,"81":0,"82":0,"83":0,"84":0,"85":0,"86":0,"87":0,"88":0,"89":0,"90":0,"91":0,"92":0,"93":0,"94":0,"95":0,"96":0,"97":0,"98":0,"99":0,"100":0,"101":0,"102":0,"103":0,"104":0,"105":0,"106":0,"107":0,"108":0,"109":0,"110":0,"111":0,"112":0,"113":0,"114":0,"115":0,"116":0,"117":0,"118":0,"119":0,"120":0,"121":0,"122":0,"123":0,"124":0,"125":0,"126":0,"127":0,"128":0,"129":0,"130":0,"131":0,"132":0,"133":0,"134":0,"135":0,"136":0,"137":0,"138":0,"139":0,"140":0,"141":0,"142":0,"143":0,"144":0,"145":0,"146":0,"147":0,"148":0,"149":0,"150":0,"151":0,"152":0,"153":0,"154":0,"155":0,"156":0,"157":0,"158":0,"159":0,"160":0,"161":0,"162":0,"163":0,"164":0,"165":0,"166":0,"167":0,"168":0,"169":0,"170":0,"171":0,"172":0,"173":0,"174":0,"175":0,"176":0,"177":0,"178":0,"179":0,"180":0,"181":0,"182":0,"183":0,"184":0,"185":0,"186":0,"187":0,"188":0,"189":0,"190":0,"191":0,"192":0,"193":0,"194":0,"195":0,"196":0,"197":0,"198":0,"199":0,"200":0,"201":0,"202":0,"203":0,"204":0,"205":0,"206":0,"207":0,"208":0,"209":0,"210":0,"211":0,"212":0,"213":0,"214":0,"215":0,"216":0,"217":0,"218":0,"219":0,"220":0,"221":0,"222":0,"223":0,"224":0,"225":0,"226":0,"227":0,"228":0,"229":0,"230":0,"231":0,"232":0,"233":0,"234":0,"235":0,"236":0,"237":0,"238":0,"239":0,"240":0,"241":0,"242":0,"243":0,"244":0,"245":0,"246":0,"247":0,"248":0,"249":0,"250":0,"251":0,"252":0,"253":0,"254":0,"255":0,"256":0,"257":0,"258":0,"259":0,"260":0,"261":0,"262":0,"263":0,"264":0,"265":0,"266":0,"267":0,"268":0,"269":0,"270":0,"271":0,"272":0,"273":0,"274":0,"275":0,"276":0,"277":0,"278":0,"279":0,"280":0,"281":0,"282":0,"283":0,"284":0,"285":0,"286":0,"287":0,"288":0,"289":0,"290":0,"291":0,"292":0,"293":0,"294":0,"295":0,"296":0,"297":0,"298":0,"299":0,"300":0,"301":0,"302":0,"303":0,"304":0,"305":0,"306":0,"307":0,"308":0,"309":0,"310":0,"311":0,"312":0,"313":0,"314":0,"315":0,"316":0,"317":0,"318":0,"319":0,"320":0,"321":0,"322":0,"323":0,"324":0,"325":0,"326":0,"327":0,"328":0,"329":0,"330":0,"331":0,"332":0,"333":0,"334":0,"335":0,"336":0,"337":0,"338":0,"339":0,"340":0,"341":0,"342":0,"343":0,"344":0,"345":0,"346":0,"347":0,"348":0,"349":0,"350":0,"351":0,"352":0,"353":0,"354":0,"355":0,"356":0,"357":0,"358":0,"359":0,"360":0,"361":0,"362":0,"363":0,"364":0,"365":0,"366":0,"367":0,"368":0,"369":0,"370":0,"371":0,"372":0,"373":0,"374":0,"375":0,"376":0,"377":0,"378":0,"379":0,"380":0,"381":0,"382":0,"383":0,"384":0,"385":0,"386":0,"387":0,"388":0,"389":0,"390":0,"391":0,"392":0,"393":0,"394":0,"395":0,"396":0,"397":0,"398":0,"399":0,"400":0,"401":0,"402":0,"403":0,"404":0,"405":0,"406":0,"407":0,"408":0,"409":0,"410":0,"411":0,"412":0,"413":0,"414":0,"415":0,"416":0,"417":0,"418":0,"419":0,"420":0,"421":0,"422":0,"423":0,"424":0,"425":0,"426":0,"427":0,"428":0,"429":0,"430":0,"431":0,"432":0,"433":0,"434":0,"435":0,"436":0,"437":0,"438":0,"439":0,"440":0,"441":0,"442":0,"443":0,"444":0,"445":0,"446":0,"447":0,"448":0,"449":0,"450":0,"451":0,"452":0,"453":0,"454":0,"455":0,"456":0,"457":0,"458":0,"459":0,"460":0,"461":0,"462":0,"463":0,"464":0,"465":0,"466":0,"467":0,"468":0,"469":0,"470":0,"471":0,"472":0,"473":0,"474":0,"475":0,"476":0,"477":0,"478":0,"479":0,"480":0,"481":0,"482":0,"483":0,"484":0,"485":0,"486":0,"487":0,"488":0,"489":0,"490":0,"491":0,"492":0,"493":0,"494":0,"495":0,"496":0,"497":0,"498":0,"499":0,"500":0,"501":0,"502":0,"503":0,"504":0,"505":0,"506":0,"507":0,"508":0,"509":0,"510":0,"511":0,"512":0,"513":1,"514":17,"515":0,"516":0,"517":0,"518":0,"519":0,"520":0,"521":0,"522":0,"523":0,"524":1,"525":0,"526":0,"527":0,"528":0,"529":0,"530":0,"531":0,"532":0,"533":0,"534":0,"535":0,"536":0,"537":0,"538":0,"539":0,"540":1,"541":0,"542":0,"543":0,"544":0,"545":0,"546":0,"547":0,"548":0,"549":0,"550":0,"551":0,"552":0,"553":0,"554":0,"555":0,"556":0,"557":0,"558":0,"559":0,"560":0,"561":0,"562":0,"563":0,"564":0,"565":0,"566":0,"567":1,"568":0,"569":0,"570":0,"571":0,"572":0,"573":0,"574":0,"575":0,"576":0,"577":0,"578":0,"579":0,"580":0,"581":0,"582":1,"583":0,"584":0,"585":0,"586":0,"587":0,"588":0,"589":0,"590":0,"591":0,"592":0,"593":0,"594":0,"595":0,"596":0,"597":0,"598":0,"599":0,"600":0,"601":0,"602":0,"603":0,"604":0,"605":0,"606":0,"607":0,"608":0,"609":0,"610":0,"611":0,"612":0,"613":0,"614":0,"615":0,"616":0,"617":0,"618":0,"619":0,"620":0,"621":0,"622":0,"623":0,"624":0,"625":0,"626":0,"627":0,"628":0,"629":0,"630":0,"631":0,"632":0,"633":0,"634":0,"635":0,"636":0,"637":0,"638":1,"639":0,"640":0,"641":0,"642":0,"643":0,"644":0,"645":0,"646":0,"647":1},"b":{"1":[0,0],"2":[0,0],"3":[0,0],"4":[0,0],"5":[0,0],"6":[0,0],"7":[0,0],"8":[0,0],"9":[0,0],"10":[0,0],"11":[0,0],"12":[0,0],"13":[0,0],"14":[0,0],"15":[0,0],"16":[0,0],"17":[0,0],"18":[0,0],"19":[0,0],"20":[0,0],"21":[0,0],"22":[0,0],"23":[0,0],"24":[0,0],"25":[0,0],"26":[0,0],"27":[0,0],"28":[0,0],"29":[0,0],"30":[0,0],"31":[0,0],"32":[0,0],"33":[0,0],"34":[0,0],"35":[0,0],"36":[0,0],"37":[0,0],"38":[0,0],"39":[0,0],"40":[0,0],"41":[0,0],"42":[0,0],"43":[0,0],"44":[0,0],"45":[0,0],"46":[0,0],"47":[0,0],"48":[0,0],"49":[0,0],"50":[0,0],"51":[0,0],"52":[0,0],"53":[0,0],"54":[0,0],"55":[0,0],"56":[0,0],"57":[0,0],"58":[0,0],"59":[0,0],"60":[0,0],"61":[0,0],"62":[0,0],"63":[0,0],"64":[0,0],"65":[0,0],"66":[0,0],"67":[0,0],"68":[0,0],"69":[0,0],"70":[0,0],"71":[0,0],"72":[0,0],"73":[0,0],"74":[0,0],"75":[0,0],"76":[0,0],"77":[0,0],"78":[0,0],"79":[0,0],"80":[0,0],"81":[0,0,0,0],"82":[0,0],"83":[0,0],"84":[0,0],"85":[0,0],"86":[0,0],"87":[0,0],"88":[0,0],"89":[0,0],"90":[0,0],"91":[0,0],"92":[0,0],"93":[0,0],"94":[0,0],"95":[0,0],"96":[0,0],"97":[0,0],"98":[0,0],"99":[0,0],"100":[0,0],"101":[0,0],"102":[0,0],"103":[0,0],"104":[0,0],"105":[0,0]},"f":{"1":0,"2":0,"3":0,"4":0,"5":0,"6":0,"7":0,"8":0,"9":0,"10":0,"11":0,"12":0,"13":0,"14":0,"15":0,"16":0,"17":0,"18":0,"19":0,"20":0,"21":0,"22":0,"23":0,"24":0,"25":0,"26":0,"27":0,"28":0,"29":0,"30":0,"31":0,"32":0,"33":0,"34":0,"35":0,"36":0,"37":0,"38":0,"39":0,"40":0,"41":0,"42":0,"43":0,"44":0,"45":0,"46":0,"47":0,"48":0,"49":0,"50":0,"51":0,"52":0,"53":0,"54":0,"55":0,"56":0,"57":0,"58":0,"59":0,"60":0,"61":0,"62":0,"63":0,"64":0,"65":0,"66":0,"67":0,"68":0,"69":0,"70":0,"71":0,"72":0,"73":0,"74":0,"75":0,"76":0,"77":0,"78":0,"79":0,"80":0,"81":0,"82":0,"83":0,"84":0,"85":0,"86":0,"87":0,"88":0,"89":0,"90":0,"91":0,"92":0,"93":0,"94":0,"95":0,"96":0,"97":0,"98":0,"99":0,"100":0,"101":0,"102":0,"103":0,"104":17,"105":0,"106":0,"107":0,"108":0,"109":0,"110":0,"111":0,"112":0,"113":0,"114":0,"115":0,"116":0,"117":0,"118":0,"119":0,"120":0,"121":0,"122":0,"123":0},"fnMap":{"1":{"name":"(anonymous_1)","line":5,"loc":{"start":{"line":5,"column":17},"end":{"line":5,"column":33}}},"2":{"name":"(anonymous_2)","line":11,"loc":{"start":{"line":11,"column":10},"end":{"line":11,"column":22}}},"3":{"name":"(anonymous_3)","line":13,"loc":{"start":{"line":13,"column":14},"end":{"line":13,"column":26}}},"4":{"name":"(anonymous_4)","line":16,"loc":{"start":{"line":16,"column":16},"end":{"line":16,"column":33}}},"5":{"name":"(anonymous_5)","line":22,"loc":{"start":{"line":22,"column":7},"end":{"line":22,"column":19}}},"6":{"name":"(anonymous_6)","line":24,"loc":{"start":{"line":24,"column":16},"end":{"line":24,"column":33}}},"7":{"name":"(anonymous_7)","line":28,"loc":{"start":{"line":28,"column":13},"end":{"line":28,"column":26}}},"8":{"name":"(anonymous_8)","line":34,"loc":{"start":{"line":34,"column":14},"end":{"line":34,"column":26}}},"9":{"name":"(anonymous_9)","line":37,"loc":{"start":{"line":37,"column":16},"end":{"line":37,"column":28}}},"10":{"name":"(anonymous_10)","line":40,"loc":{"start":{"line":40,"column":17},"end":{"line":40,"column":29}}},"11":{"name":"(anonymous_11)","line":50,"loc":{"start":{"line":50,"column":8},"end":{"line":50,"column":20}}},"12":{"name":"(anonymous_12)","line":52,"loc":{"start":{"line":52,"column":16},"end":{"line":52,"column":33}}},"13":{"name":"(anonymous_13)","line":56,"loc":{"start":{"line":56,"column":13},"end":{"line":56,"column":26}}},"14":{"name":"(anonymous_14)","line":62,"loc":{"start":{"line":62,"column":14},"end":{"line":62,"column":26}}},"15":{"name":"(anonymous_15)","line":65,"loc":{"start":{"line":65,"column":16},"end":{"line":65,"column":28}}},"16":{"name":"(anonymous_16)","line":68,"loc":{"start":{"line":68,"column":17},"end":{"line":68,"column":29}}},"17":{"name":"(anonymous_17)","line":78,"loc":{"start":{"line":78,"column":7},"end":{"line":78,"column":19}}},"18":{"name":"(anonymous_18)","line":80,"loc":{"start":{"line":80,"column":16},"end":{"line":80,"column":33}}},"19":{"name":"(anonymous_19)","line":84,"loc":{"start":{"line":84,"column":13},"end":{"line":84,"column":26}}},"20":{"name":"(anonymous_20)","line":90,"loc":{"start":{"line":90,"column":14},"end":{"line":90,"column":26}}},"21":{"name":"(anonymous_21)","line":93,"loc":{"start":{"line":93,"column":16},"end":{"line":93,"column":28}}},"22":{"name":"(anonymous_22)","line":96,"loc":{"start":{"line":96,"column":17},"end":{"line":96,"column":29}}},"23":{"name":"(anonymous_23)","line":106,"loc":{"start":{"line":106,"column":8},"end":{"line":106,"column":20}}},"24":{"name":"(anonymous_24)","line":108,"loc":{"start":{"line":108,"column":14},"end":{"line":108,"column":29}}},"25":{"name":"(anonymous_25)","line":111,"loc":{"start":{"line":111,"column":16},"end":{"line":111,"column":33}}},"26":{"name":"(anonymous_26)","line":115,"loc":{"start":{"line":115,"column":13},"end":{"line":115,"column":26}}},"27":{"name":"(anonymous_27)","line":121,"loc":{"start":{"line":121,"column":14},"end":{"line":121,"column":26}}},"28":{"name":"(anonymous_28)","line":124,"loc":{"start":{"line":124,"column":16},"end":{"line":124,"column":28}}},"29":{"name":"(anonymous_29)","line":127,"loc":{"start":{"line":127,"column":17},"end":{"line":127,"column":29}}},"30":{"name":"(anonymous_30)","line":137,"loc":{"start":{"line":137,"column":11},"end":{"line":137,"column":23}}},"31":{"name":"(anonymous_31)","line":139,"loc":{"start":{"line":139,"column":16},"end":{"line":139,"column":33}}},"32":{"name":"(anonymous_32)","line":145,"loc":{"start":{"line":145,"column":13},"end":{"line":145,"column":26}}},"33":{"name":"(anonymous_33)","line":151,"loc":{"start":{"line":151,"column":14},"end":{"line":151,"column":26}}},"34":{"name":"(anonymous_34)","line":154,"loc":{"start":{"line":154,"column":16},"end":{"line":154,"column":28}}},"35":{"name":"(anonymous_35)","line":158,"loc":{"start":{"line":158,"column":17},"end":{"line":158,"column":29}}},"36":{"name":"(anonymous_36)","line":172,"loc":{"start":{"line":172,"column":7},"end":{"line":172,"column":19}}},"37":{"name":"(anonymous_37)","line":174,"loc":{"start":{"line":174,"column":16},"end":{"line":174,"column":33}}},"38":{"name":"(anonymous_38)","line":177,"loc":{"start":{"line":177,"column":13},"end":{"line":177,"column":26}}},"39":{"name":"(anonymous_39)","line":183,"loc":{"start":{"line":183,"column":14},"end":{"line":183,"column":26}}},"40":{"name":"(anonymous_40)","line":186,"loc":{"start":{"line":186,"column":16},"end":{"line":186,"column":28}}},"41":{"name":"(anonymous_41)","line":189,"loc":{"start":{"line":189,"column":17},"end":{"line":189,"column":29}}},"42":{"name":"(anonymous_42)","line":199,"loc":{"start":{"line":199,"column":7},"end":{"line":199,"column":19}}},"43":{"name":"(anonymous_43)","line":201,"loc":{"start":{"line":201,"column":16},"end":{"line":201,"column":33}}},"44":{"name":"(anonymous_44)","line":206,"loc":{"start":{"line":206,"column":13},"end":{"line":206,"column":26}}},"45":{"name":"(anonymous_45)","line":212,"loc":{"start":{"line":212,"column":14},"end":{"line":212,"column":26}}},"46":{"name":"(anonymous_46)","line":215,"loc":{"start":{"line":215,"column":16},"end":{"line":215,"column":28}}},"47":{"name":"(anonymous_47)","line":218,"loc":{"start":{"line":218,"column":17},"end":{"line":218,"column":29}}},"48":{"name":"(anonymous_48)","line":228,"loc":{"start":{"line":228,"column":7},"end":{"line":228,"column":19}}},"49":{"name":"(anonymous_49)","line":230,"loc":{"start":{"line":230,"column":16},"end":{"line":230,"column":33}}},"50":{"name":"(anonymous_50)","line":231,"loc":{"start":{"line":231,"column":38},"end":{"line":231,"column":51}}},"51":{"name":"(anonymous_51)","line":232,"loc":{"start":{"line":232,"column":19},"end":{"line":232,"column":32}}},"52":{"name":"(anonymous_52)","line":234,"loc":{"start":{"line":234,"column":13},"end":{"line":234,"column":26}}},"53":{"name":"(anonymous_53)","line":240,"loc":{"start":{"line":240,"column":14},"end":{"line":240,"column":29}}},"54":{"name":"(anonymous_54)","line":249,"loc":{"start":{"line":249,"column":16},"end":{"line":249,"column":31}}},"55":{"name":"(anonymous_55)","line":266,"loc":{"start":{"line":266,"column":17},"end":{"line":266,"column":32}}},"56":{"name":"(anonymous_56)","line":286,"loc":{"start":{"line":286,"column":8},"end":{"line":286,"column":20}}},"57":{"name":"(anonymous_57)","line":288,"loc":{"start":{"line":288,"column":16},"end":{"line":288,"column":33}}},"58":{"name":"(anonymous_58)","line":289,"loc":{"start":{"line":289,"column":38},"end":{"line":289,"column":51}}},"59":{"name":"(anonymous_59)","line":290,"loc":{"start":{"line":290,"column":20},"end":{"line":290,"column":33}}},"60":{"name":"(anonymous_60)","line":294,"loc":{"start":{"line":294,"column":13},"end":{"line":294,"column":26}}},"61":{"name":"(anonymous_61)","line":300,"loc":{"start":{"line":300,"column":14},"end":{"line":300,"column":29}}},"62":{"name":"(anonymous_62)","line":309,"loc":{"start":{"line":309,"column":16},"end":{"line":309,"column":31}}},"63":{"name":"(anonymous_63)","line":326,"loc":{"start":{"line":326,"column":17},"end":{"line":326,"column":32}}},"64":{"name":"(anonymous_64)","line":346,"loc":{"start":{"line":346,"column":8},"end":{"line":346,"column":20}}},"65":{"name":"(anonymous_65)","line":348,"loc":{"start":{"line":348,"column":13},"end":{"line":348,"column":26}}},"66":{"name":"(anonymous_66)","line":360,"loc":{"start":{"line":360,"column":16},"end":{"line":360,"column":33}}},"67":{"name":"(anonymous_67)","line":370,"loc":{"start":{"line":370,"column":16},"end":{"line":370,"column":31}}},"68":{"name":"(anonymous_68)","line":399,"loc":{"start":{"line":399,"column":17},"end":{"line":399,"column":32}}},"69":{"name":"(anonymous_69)","line":431,"loc":{"start":{"line":431,"column":8},"end":{"line":431,"column":20}}},"70":{"name":"(anonymous_70)","line":433,"loc":{"start":{"line":433,"column":16},"end":{"line":433,"column":33}}},"71":{"name":"(anonymous_71)","line":438,"loc":{"start":{"line":438,"column":13},"end":{"line":438,"column":26}}},"72":{"name":"(anonymous_72)","line":441,"loc":{"start":{"line":441,"column":14},"end":{"line":441,"column":26}}},"73":{"name":"(anonymous_73)","line":444,"loc":{"start":{"line":444,"column":16},"end":{"line":444,"column":28}}},"74":{"name":"(anonymous_74)","line":447,"loc":{"start":{"line":447,"column":17},"end":{"line":447,"column":29}}},"75":{"name":"(anonymous_75)","line":451,"loc":{"start":{"line":451,"column":8},"end":{"line":451,"column":20}}},"76":{"name":"(anonymous_76)","line":453,"loc":{"start":{"line":453,"column":16},"end":{"line":453,"column":33}}},"77":{"name":"(anonymous_77)","line":460,"loc":{"start":{"line":460,"column":15},"end":{"line":460,"column":28}}},"78":{"name":"(anonymous_78)","line":470,"loc":{"start":{"line":470,"column":34},"end":{"line":470,"column":47}}},"79":{"name":"(anonymous_79)","line":475,"loc":{"start":{"line":475,"column":24},"end":{"line":475,"column":37}}},"80":{"name":"(anonymous_80)","line":510,"loc":{"start":{"line":510,"column":13},"end":{"line":510,"column":26}}},"81":{"name":"(anonymous_81)","line":521,"loc":{"start":{"line":521,"column":14},"end":{"line":521,"column":29}}},"82":{"name":"(anonymous_82)","line":530,"loc":{"start":{"line":530,"column":16},"end":{"line":530,"column":31}}},"83":{"name":"(anonymous_83)","line":541,"loc":{"start":{"line":541,"column":17},"end":{"line":541,"column":32}}},"84":{"name":"(anonymous_84)","line":553,"loc":{"start":{"line":553,"column":7},"end":{"line":553,"column":19}}},"85":{"name":"(anonymous_85)","line":555,"loc":{"start":{"line":555,"column":13},"end":{"line":555,"column":26}}},"86":{"name":"(anonymous_86)","line":558,"loc":{"start":{"line":558,"column":14},"end":{"line":558,"column":29}}},"87":{"name":"(anonymous_87)","line":567,"loc":{"start":{"line":567,"column":16},"end":{"line":567,"column":31}}},"88":{"name":"(anonymous_88)","line":578,"loc":{"start":{"line":578,"column":17},"end":{"line":578,"column":32}}},"89":{"name":"(anonymous_89)","line":590,"loc":{"start":{"line":590,"column":8},"end":{"line":590,"column":20}}},"90":{"name":"(anonymous_90)","line":592,"loc":{"start":{"line":592,"column":13},"end":{"line":592,"column":26}}},"91":{"name":"(anonymous_91)","line":595,"loc":{"start":{"line":595,"column":14},"end":{"line":595,"column":29}}},"92":{"name":"(anonymous_92)","line":604,"loc":{"start":{"line":604,"column":16},"end":{"line":604,"column":31}}},"93":{"name":"(anonymous_93)","line":615,"loc":{"start":{"line":615,"column":17},"end":{"line":615,"column":32}}},"94":{"name":"(anonymous_94)","line":627,"loc":{"start":{"line":627,"column":9},"end":{"line":627,"column":21}}},"95":{"name":"(anonymous_95)","line":629,"loc":{"start":{"line":629,"column":13},"end":{"line":629,"column":26}}},"96":{"name":"(anonymous_96)","line":632,"loc":{"start":{"line":632,"column":14},"end":{"line":632,"column":29}}},"97":{"name":"(anonymous_97)","line":635,"loc":{"start":{"line":635,"column":31},"end":{"line":635,"column":46}}},"98":{"name":"(anonymous_98)","line":644,"loc":{"start":{"line":644,"column":9},"end":{"line":644,"column":21}}},"99":{"name":"(anonymous_99)","line":646,"loc":{"start":{"line":646,"column":13},"end":{"line":646,"column":26}}},"100":{"name":"(anonymous_100)","line":649,"loc":{"start":{"line":649,"column":14},"end":{"line":649,"column":29}}},"101":{"name":"(anonymous_101)","line":656,"loc":{"start":{"line":656,"column":14},"end":{"line":656,"column":26}}},"102":{"name":"(anonymous_102)","line":659,"loc":{"start":{"line":659,"column":16},"end":{"line":659,"column":28}}},"103":{"name":"(anonymous_103)","line":667,"loc":{"start":{"line":667,"column":17},"end":{"line":667,"column":29}}},"104":{"name":"(anonymous_104)","line":683,"loc":{"start":{"line":683,"column":12},"end":{"line":683,"column":26}}},"105":{"name":"(anonymous_105)","line":684,"loc":{"start":{"line":684,"column":23},"end":{"line":684,"column":35}}},"106":{"name":"(anonymous_106)","line":686,"loc":{"start":{"line":686,"column":21},"end":{"line":686,"column":34}}},"107":{"name":"(anonymous_107)","line":691,"loc":{"start":{"line":691,"column":13},"end":{"line":691,"column":28}}},"108":{"name":"(anonymous_108)","line":700,"loc":{"start":{"line":700,"column":12},"end":{"line":700,"column":25}}},"109":{"name":"(anonymous_109)","line":703,"loc":{"start":{"line":703,"column":13},"end":{"line":703,"column":25}}},"110":{"name":"(anonymous_110)","line":706,"loc":{"start":{"line":706,"column":15},"end":{"line":706,"column":27}}},"111":{"name":"(anonymous_111)","line":719,"loc":{"start":{"line":719,"column":16},"end":{"line":719,"column":28}}},"112":{"name":"steep","line":720,"loc":{"start":{"line":720,"column":2},"end":{"line":720,"column":30}}},"113":{"name":"(anonymous_113)","line":758,"loc":{"start":{"line":758,"column":12},"end":{"line":758,"column":25}}},"114":{"name":"(anonymous_114)","line":769,"loc":{"start":{"line":769,"column":13},"end":{"line":769,"column":28}}},"115":{"name":"(anonymous_115)","line":772,"loc":{"start":{"line":772,"column":13},"end":{"line":772,"column":25}}},"116":{"name":"(anonymous_116)","line":775,"loc":{"start":{"line":775,"column":30},"end":{"line":775,"column":42}}},"117":{"name":"stree","line":780,"loc":{"start":{"line":780,"column":0},"end":{"line":780,"column":30}}},"118":{"name":"(anonymous_118)","line":783,"loc":{"start":{"line":783,"column":16},"end":{"line":783,"column":29}}},"119":{"name":"(anonymous_119)","line":785,"loc":{"start":{"line":785,"column":14},"end":{"line":785,"column":27}}},"120":{"name":"(anonymous_120)","line":791,"loc":{"start":{"line":791,"column":16},"end":{"line":791,"column":31}}},"121":{"name":"(anonymous_121)","line":829,"loc":{"start":{"line":829,"column":16},"end":{"line":829,"column":29}}},"122":{"name":"(anonymous_122)","line":856,"loc":{"start":{"line":856,"column":15},"end":{"line":856,"column":32}}},"123":{"name":"(anonymous_123)","line":858,"loc":{"start":{"line":858,"column":15},"end":{"line":858,"column":30}}}},"statementMap":{"1":{"start":{"line":1,"column":0},"end":{"line":1,"column":26}},"2":{"start":{"line":3,"column":0},"end":{"line":3,"column":15}},"3":{"start":{"line":4,"column":0},"end":{"line":4,"column":14}},"4":{"start":{"line":5,"column":0},"end":{"line":8,"column":2}},"5":{"start":{"line":6,"column":1},"end":{"line":6,"column":10}},"6":{"start":{"line":7,"column":1},"end":{"line":7,"column":13}},"7":{"start":{"line":10,"column":0},"end":{"line":681,"column":1}},"8":{"start":{"line":12,"column":2},"end":{"line":12,"column":21}},"9":{"start":{"line":13,"column":2},"end":{"line":19,"column":3}},"10":{"start":{"line":14,"column":3},"end":{"line":14,"column":147}},"11":{"start":{"line":17,"column":3},"end":{"line":18,"column":115}},"12":{"start":{"line":17,"column":24},"end":{"line":17,"column":131}},"13":{"start":{"line":18,"column":8},"end":{"line":18,"column":115}},"14":{"start":{"line":23,"column":2},"end":{"line":23,"column":18}},"15":{"start":{"line":24,"column":2},"end":{"line":27,"column":4}},"16":{"start":{"line":25,"column":3},"end":{"line":26,"column":68}},"17":{"start":{"line":25,"column":24},"end":{"line":25,"column":84}},"18":{"start":{"line":26,"column":8},"end":{"line":26,"column":68}},"19":{"start":{"line":28,"column":2},"end":{"line":33,"column":3}},"20":{"start":{"line":29,"column":3},"end":{"line":32,"column":14}},"21":{"start":{"line":30,"column":4},"end":{"line":30,"column":13}},"22":{"start":{"line":32,"column":4},"end":{"line":32,"column":14}},"23":{"start":{"line":34,"column":2},"end":{"line":36,"column":3}},"24":{"start":{"line":35,"column":3},"end":{"line":35,"column":59}},"25":{"start":{"line":37,"column":2},"end":{"line":39,"column":3}},"26":{"start":{"line":38,"column":3},"end":{"line":38,"column":63}},"27":{"start":{"line":40,"column":2},"end":{"line":48,"column":3}},"28":{"start":{"line":41,"column":3},"end":{"line":41,"column":30}},"29":{"start":{"line":42,"column":3},"end":{"line":42,"column":47}},"30":{"start":{"line":43,"column":3},"end":{"line":43,"column":33}},"31":{"start":{"line":44,"column":3},"end":{"line":44,"column":45}},"32":{"start":{"line":45,"column":3},"end":{"line":45,"column":62}},"33":{"start":{"line":46,"column":3},"end":{"line":46,"column":30}},"34":{"start":{"line":47,"column":3},"end":{"line":47,"column":12}},"35":{"start":{"line":51,"column":2},"end":{"line":51,"column":19}},"36":{"start":{"line":52,"column":2},"end":{"line":55,"column":4}},"37":{"start":{"line":53,"column":3},"end":{"line":54,"column":69}},"38":{"start":{"line":53,"column":24},"end":{"line":53,"column":85}},"39":{"start":{"line":54,"column":8},"end":{"line":54,"column":69}},"40":{"start":{"line":56,"column":2},"end":{"line":61,"column":3}},"41":{"start":{"line":57,"column":3},"end":{"line":60,"column":14}},"42":{"start":{"line":58,"column":4},"end":{"line":58,"column":13}},"43":{"start":{"line":60,"column":4},"end":{"line":60,"column":14}},"44":{"start":{"line":62,"column":2},"end":{"line":64,"column":3}},"45":{"start":{"line":63,"column":3},"end":{"line":63,"column":60}},"46":{"start":{"line":65,"column":2},"end":{"line":67,"column":3}},"47":{"start":{"line":66,"column":3},"end":{"line":66,"column":64}},"48":{"start":{"line":68,"column":2},"end":{"line":76,"column":3}},"49":{"start":{"line":69,"column":3},"end":{"line":69,"column":30}},"50":{"start":{"line":70,"column":3},"end":{"line":70,"column":47}},"51":{"start":{"line":71,"column":3},"end":{"line":71,"column":33}},"52":{"start":{"line":72,"column":3},"end":{"line":72,"column":45}},"53":{"start":{"line":73,"column":3},"end":{"line":73,"column":63}},"54":{"start":{"line":74,"column":3},"end":{"line":74,"column":30}},"55":{"start":{"line":75,"column":3},"end":{"line":75,"column":12}},"56":{"start":{"line":79,"column":2},"end":{"line":79,"column":18}},"57":{"start":{"line":80,"col
[...]
:{"line":93,"column":28}},"67":{"start":{"line":94,"column":1},"end":{"line":94,"column":17}},"68":{"start":{"line":95,"column":1},"end":{"line":95,"column":27}},"69":{"start":{"line":96,"column":1},"end":{"line":100,"column":2}},"70":{"start":{"line":97,"column":2},"end":{"line":98,"column":30}},"71":{"start":{"line":97,"column":29},"end":{"line":97,"column":122}},"72":{"start":{"line":98,"column":7},"end":{"line":98,"column":30}},"73":{"start":{"line":99,"column":2},"end":{"line":99,"column":11}},"74":{"start":{"line":101,"column":1},"end":{"line":101,"column":21}},"75":{"start":{"line":102,"column":1},"end":{"line":102,"column":23}},"76":{"start":{"line":103,"column":1},"end":{"line":109,"column":4}},"77":{"start":{"line":104,"column":2},"end":{"line":108,"column":15}},"78":{"start":{"line":105,"column":3},"end":{"line":105,"column":28}},"79":{"start":{"line":106,"column":3},"end":{"line":106,"column":11}},"80":{"start":{"line":108,"column":3},"end":{"line":108,"column":15}},"81":{"start":{"line":110,"column":1},"end":{"line":110,"column":10}},"82":{"start":{"line":113,"column":0},"end":{"line":131,"column":2}},"83":{"start":{"line":114,"column":1},"end":{"line":114,"column":17}},"84":{"start":{"line":115,"column":1},"end":{"line":118,"column":2}},"85":{"start":{"line":116,"column":2},"end":{"line":116,"column":12}},"86":{"start":{"line":117,"column":2},"end":{"line":117,"column":12}},"87":{"start":{"line":119,"column":1},"end":{"line":130,"column":2}},"88":{"start":{"line":120,"column":2},"end":{"line":120,"column":112}},"89":{"start":{"line":120,"column":52},"end":{"line":120,"column":100}},"90":{"start":{"line":122,"column":2},"end":{"line":129,"column":6}},"91":{"start":{"line":124,"column":3},"end":{"line":124,"column":45}},"92":{"start":{"line":125,"column":3},"end":{"line":128,"column":14}},"93":{"start":{"line":126,"column":26},"end":{"line":126,"column":47}},"94":{"start":{"line":127,"column":24},"end":{"line":127,"column":72}},"95":{"start":{"line":133,"column":0},"end":{"line":142,"column":2}},"96":{"start":{"line":134,"column":1},"end":{"line":134,"column":17}},"97":{"start":{"line":135,"column":1},"end":{"line":141,"column":5}},"98":{"start":{"line":136,"column":2},"end":{"line":140,"column":6}},"99":{"start":{"line":137,"column":3},"end":{"line":137,"column":30}},"100":{"start":{"line":139,"column":3},"end":{"line":139,"column":34}},"101":{"start":{"line":144,"column":0},"end":{"line":164,"column":1}},"102":{"start":{"line":145,"column":1},"end":{"line":145,"column":17}},"103":{"start":{"line":146,"column":1},"end":{"line":146,"column":27}},"104":{"start":{"line":147,"column":1},"end":{"line":151,"column":2}},"105":{"start":{"line":148,"column":2},"end":{"line":148,"column":38}},"106":{"start":{"line":149,"column":2},"end":{"line":150,"column":22}},"107":{"start":{"line":149,"column":10},"end":{"line":149,"column":35}},"108":{"start":{"line":150,"column":8},"end":{"line":150,"column":22}},"109":{"start":{"line":152,"column":1},"end":{"line":163,"column":4}},"110":{"start":{"line":153,"column":2},"end":{"line":153,"column":27}},"111":{"start":{"line":154,"column":2},"end":{"line":162,"column":3}},"112":{"start":{"line":155,"column":3},"end":{"line":157,"column":6}},"113":{"start":{"line":156,"column":4},"end":{"line":156,"column":18}},"114":{"start":{"line":159,"column":3},"end":{"line":160,"column":31}},"115":{"start":{"line":160,"column":4},"end":{"line":160,"column":31}},"116":{"start":{"line":161,"column":3},"end":{"line":161,"column":17}},"117":{"start":{"line":166,"column":0},"end":{"line":173,"column":2}},"118":{"start":{"line":167,"column":1},"end":{"line":167,"column":17}},"119":{"start":{"line":168,"column":1},"end":{"line":172,"column":5}},"120":{"start":{"line":169,"column":2},"end":{"line":171,"column":8}},"121":{"start":{"line":170,"column":3},"end":{"line":170,"column":44}},"122":{"start":{"line":175,"column":0},"end":{"line":182,"column":2}},"123":{"start":{"line":176,"column":1},"end":{"line":176,"column":17}},"124":{"start":{"line":177,"column":1},"end":{"line":181,"column":5}},"125":{"start":{"line":178,"column":2},"end":{"line":180,"column":8}},"126":{"start":{"line":179,"column":3},"end":{"line":179,"column":27}},"127":{"start":{"line":184,"column":0},"end":{"line":195,"column":1}},"128":{"start":{"line":185,"column":1},"end":{"line":188,"column":2}},"129":{"start":{"line":186,"column":2},"end":{"line":186,"column":12}},"130":{"start":{"line":187,"column":2},"end":{"line":187,"column":12}},"131":{"start":{"line":189,"column":1},"end":{"line":189,"column":22}},"132":{"start":{"line":190,"column":1},"end":{"line":190,"column":26}},"133":{"start":{"line":191,"column":1},"end":{"line":194,"column":16}},"134":{"start":{"line":192,"column":2},"end":{"line":192,"column":24}},"135":{"start":{"line":194,"column":2},"end":{"line":194,"column":16}},"136":{"start":{"line":197,"column":0},"end":{"line":205,"column":2}},"137":{"start":{"line":198,"column":1},"end":{"line":198,"column":17}},"138":{"start":{"line":199,"column":1},"end":{"line":204,"column":4}},"139":{"start":{"line":200,"column":2},"end":{"line":201,"column":42}},"140":{"start":{"line":201,"column":3},"end":{"line":201,"column":42}},"141":{"start":{"line":202,"column":2},"end":{"line":203,"column":55}},"142":{"start":{"line":203,"column":3},"end":{"line":203,"column":55}}},"branchMap":{"1":{"line":8,"type":"cond-expr","locations":[{"start":{"line":8,"column":29},"end":{"line":8,"column":48}},{"start":{"line":8,"column":51},"end":{"line":8,"column":53}}]},"2":{"line":12,"type":"cond-expr","locations":[{"start":{"line":12,"column":30},"end":{"line":12,"column":49}},{"start":{"line":12,"column":52},"end":{"line":12,"column":54}}]},"3":{"line":13,"type":"binary-expr","locations":[{"start":{"line":13,"column":14},"end":{"line":13,"column":23}},{"start":{"line":13,"column":27},"end":{"line":13,"column":47}}]},"4":{"line":14,"type":"cond-expr","locations":[{"start":{"line":14,"column":30},"end":{"line":14,"column":35}},{"start":{"line":14,"column":36},"end":{"line":14,"column":40}}]},"5":{"line":15,"type":"if","locations":[{"start":{"line":15,"column":1},"end":{"line":15,"column":1}},{"start":{"line":15,"column":1},"end":{"line":15,"column":1}}]},"6":{"line":16,"type":"cond-expr","locations":[{"start":{"line":16,"column":66},"end":{"line":16,"column":85}},{"start":{"line":16,"column":88},"end":{"line":16,"column":90}}]},"7":{"line":16,"type":"binary-expr","locations":[{"start":{"line":16,"column":33},"end":{"line":16,"column":46}},{"start":{"line":16,"column":50},"end":{"line":16,"column":63}}]},"8":{"line":28,"type":"if","locations":[{"start":{"line":28,"column":1},"end":{"line":28,"column":1}},{"start":{"line":28,"column":1},"end":{"line":28,"column":1}}]},"9":{"line":29,"type":"binary-expr","locations":[{"start":{"line":29,"column":6},"end":{"line":29,"column":8}},{"start":{"line":29,"column":12},"end":{"line":29,"column":26}}]},"10":{"line":36,"type":"if","locations":[{"start":{"line":36,"column":1},"end":{"line":36,"column":1}},{"start":{"line":36,"column":1},"end":{"line":36,"column":1}}]},"11":{"line":37,"type":"binary-expr","locations":[{"start":{"line":37,"column":6},"end":{"line":37,"column":8}},{"start":{"line":37,"column":12},"end":{"line":37,"column":26}}]},"12":{"line":43,"type":"cond-expr","locations":[{"start":{"line":43,"column":31},"end":{"line":43,"column":50}},{"start":{"line":43,"column":53},"end":{"line":43,"column":55}}]},"13":{"line":52,"type":"if","locations":[{"start":{"line":52,"column":1},"end":{"line":52,"column":1}},{"start":{"line":52,"column":1},"end":{"line":52,"column":1}}]},"14":{"line":68,"type":"if","locations":[{"start":{"line":68,"column":1},"end":{"line":68,"column":1}},{"start":{"line":68,"column":1},"end":{"line":68,"column":1}}]},"15":{"line":70,"type":"if","locations":[{"start":{"line":70,"column":1},"end":{"line":70,"column":1}},{"start":{"line":70,"column":1},"end":{"line":70,"column":1}}]},"16":{"line":70,"type":"binary-expr","locations":[{"start":{"line":70,"column":5},"end":{"line":70,"column":9}},{"start":{"line":70,"column":13},"end":{"line":70,"column":28}}]},"17":{"line":72,"type":"if","locations":[{"start":{"line":72,"column":1},"end":{"line":72,"column":1}},{"start":{"line":72,"column":1},"end":{"line":72,"column":1}}]},"18":{"line":72,"type":"binary-expr","locations":[{"start":{"line":72,"column":5},"end":{"line":72,"column":9}},{"start":{"line":72,"column":13},"end":{"line":72,"column":35}}]},"19":{"line":74,"type":"if","locations":[{"start":{"line":74,"column":1},"end":{"line":74,"column":1}},{"start":{"line":74,"column":1},"end":{"line":74,"column":1}}]},"20":{"line":76,"type":"if","locations":[{"start":{"line":76,"column":2},"end":{"line":76,"column":2}},{"start":{"line":76,"column":2},"end":{"line":76,"column":2}}]},"21":{"line":76,"type":"binary-expr","locations":[{"start":{"line":76,"column":6},"end":{"line":76,"column":11}},{"start":{"line":76,"column":15},"end":{"line":76,"column":33}}]},"22":{"line":79,"type":"if","locations":[{"start":{"line":79,"column":1},"end":{"line":79,"column":1}},{"start":{"line":79,"column":1},"end":{"line":79,"column":1}}]},"23":{"line":79,"type":"binary-expr","locations":[{"start":{"line":79,"column":5},"end":{"line":79,"column":9}},{"start":{"line":79,"column":13},"end":{"line":79,"column":36}}]},"24":{"line":87,"type":"if","locations":[{"start":{"line":87,"column":1},"end":{"line":87,"column":1}},{"start":{"line":87,"column":1},"end":{"line":87,"column":1}}]},"25":{"line":91,"type":"binary-expr","locations":[{"start":{"line":91,"column":6},"end":{"line":91,"column":8}},{"start":{"line":91,"column":12},"end":{"line":91,"column":26}}]},"26":{"line":92,"type":"if","locations":[{"start":{"line":92,"column":1},"end":{"line":92,"column":1}},{"start":{"line":92,"column":1},"end":{"line":92,"column":1}}]},"27":{"line":96,"type":"if","locations":[{"start":{"line":96,"column":1},"end":{"line":96,"column":1}},{"start":{"line":96,"column":1},"end":{"line":96,"column":1}}]},"28":{"line":97,"type":"if","locations":[{"start":{"line":97,"column":2},"end":{"line":97,"column":2}},{"start":{"line":97,"column":2},"end":{"line":97,"column":2}}]},"29":{"line":97,"type":"binary-expr","locations":[{"start":{"line":97,"column":6},"end":{"line":97,"column":17}},{"start":{"line":97,"column":21},"end":{"line":97,"column":27}}]},"30":{"line":104,"type":"if","locations":[{"start":{"line":104,"column":2},"end":{"line":104,"column":2}},{"start":{"line":104,"column":2},"end":{"line":104,"column":2}}]},"31":{"line":115,"type":"if","locations":[{"start":{"line":115,"column":1},"end":{"line":115,"column":1}},{"start":{"line":115,"column":1},"end":{"line":115,"column":1}}]},"32":{"line":119,"type":"if","locations":[{"start":{"line":119,"column":1},"end":{"line":119,"column":1}},{"start":{"line":119,"column":1},"end":{"line":119,"column":1}}]},"33":{"line":120,"type":"cond-expr","locations":[{"start":{"line":120,"column":74},"end":{"line":120,"column":75}},{"start":{"line":120,"column":76},"end":{"line":120,"column":99}}]},"34":{"line":127,"type":"cond-expr","locations":[{"start":{"line":127,"column":46},"end":{"line":127,"column":47}},{"start":{"line":127,"column":48},"end":{"line":127,"column":71}}]},"35":{"line":147,"type":"if","locations":[{"start":{"line":147,"column":1},"end":{"line":147,"column":1}},{"start":{"line":147,"column":1},"end":{"line":147,"column":1}}]},"36":{"line":149,"type":"if","locations":[{"start":{"line":149,"column":2},"end":{"line":149,"column":2}},{"start":{"line":149,"column":2},"end":{"line":149,"column":2}}]},"37":{"line":154,"type":"if","locations":[{"start":{"line":154,"column":2},"end":{"line":154,"column":2}},{"start":{"line":154,"column":2},"end":{"line":154,"column":2}}]},"38":{"line":159,"type":"if","locations":[{"start":{"line":159,"column":3},"end":{"line":159,"column":3}},{"start":{"line":159,"column":3},"end":{"line":159,"column":3}}]},"39":{"line":185,"type":"if","locations":[{"start":{"line":185,"column":1},"end":{"line":185,"column":1}},{"start":{"line":185,"column":1},"end":{"line":185,"column":1}}]},"40":{"line":189,"type":"binary-expr","locations":[{"start":{"line":189,"column":6},"end":{"line":189,"column":8}},{"start":{"line":189,"column":12},"end":{"line":189,"column":21}}]},"41":{"line":191,"type":"if","locations":[{"start":{"line":191,"column":1},"end":{"line":191,"column":1}},{"start":{"line":191,"column":1},"end":{"line":191,"column":1}}]},"42":{"line":200,"type":"if","locations":[{"start":{"line":200,"column":2},"end":{"line":200,"column":2}},{"start":{"line":200,"column":2},"end":{"line":200,"column":2}}]},"43":{"line":202,"type":"if","locations":[{"start":{"line":202,"column":2},"end":{"line":202,"column":2}},{"start":{"line":202,"column":2},"end":{"line":202,"column":2}}]}},"code":["var safe = require('safe');","var tcoll = require('./tcoll.js');","var fs = require('fs');","var path = require('path');","var _ = require('lodash');","var EventEmitter = require('events').EventEmitter;","","var mstore = Object.create ? Object.create(null) : {};","function tdb(path_, opts, gopts) {","\tthis._gopts = gopts;","\tthis._path = path.resolve(path_);","\tthis._cols = Object.create ? Object.create(null) : {};","\tthis._name = opts.name || path.basename(path_);","\tthis._stype = gopts.memStore?\"mem\":\"fs\";","\tif (this._stype==\"mem\")","\t\tmstore[path_] = this._mstore = mstore[path_] || Object.create ? Object.create(null) : {};","\t// mongodb compat variables","\tthis.openCalled = false;","}","","tdb.prototype.__proto__ = EventEmitter.prototype;","","module.exports = tdb;","","tdb.prototype.open = function (options, cb) {","\t// actually do nothing for now, we are inproc","\t// so nothing to open/close... collection will keep going on their own","\tif (cb==null) cb = options;","\tcb = cb || function () {};","\tthis.openCalled = true;","\tsafe.back(cb,null,this)","}","","tdb.prototype.close = function (forceClose, cb) {","\tvar self = this;","\tif (cb==null) cb = forceClose;","\tcb = cb || function () {};","\t// stop any further operations on current collections","\tsafe.eachOf(self._cols, function (c, k, cb) {","\t\tc._stop(cb)","\t}, safe.sure(cb, function () {","\t\t// and clean list","\t\tself._cols = Object.create ? Object.create(null) : {};","\t\tthis.openCalled = false;","\t\tsafe.back(cb,null,this);","\t}))","}","","tdb.prototype.createIndex = _.rest(function (c, args) {","\tc = this._cols[c];","","\tif (!c)","\t\treturn safe.back(args[args.length - 1], new Error(\"Collection doesn't exists\"));","","\tc.createIndex.apply(c, args);","});","","tdb.prototype.collection = function (cname, opts, cb) {","\treturn this._collection(cname, opts,false, cb)","}","","tdb.prototype.createCollection = function (cname, opts, cb) {","\treturn this._collection(cname, opts,true, cb)","}","","tdb.prototype._nameCheck = function (cname) {","\tvar err = null;","\tif (!_.isString(cname))","\t\terr = new Error(\"collection name must be a String\");","\tif (!err && cname.length==0)","\t\terr = new Error(\"collection names cannot be empty\");","\tif (!err && cname.indexOf(\"$\")!=-1)","\t\terr = new Error(\"collection names must not contain '$'\");","\tif (!err) {","\t\tvar di = cname.indexOf(\".\");","\t\tif (di==0 || di==cname.length-1)","\t\t\terr = new Error(\"collection names must not start or end with '.'\");","\t}","\tif (!err && cname.indexOf(\"..\")!=-1)","\t\terr = new Error(\"collection names cannot be empty\");","\treturn err;","}","","tdb.prototype._collection = function (cname, opts, create, cb) {","\tvar err = this._nameCheck(cname);","","\tif (!cb) {","\t\tcb = opts;","\t\topts = {};","\t}","\tcb = cb || function () {};","\tif (err)","\t\treturn safe.back(cb, err);","\tvar self = this;","\tvar c = self._cols[cname];","\tif (c) {","\t\tif (opts.strict && create) safe.back(cb, new Error(\"Collection \" + cname + \" already exists. Currently in safe mode.\"));","\t\telse safe.back(cb, null, c);","\t\treturn c;","\t}","\tc = new tcoll(this);","\tself._cols[cname] = c;","\tc.init(this, cname, opts, create, function (err) {","\t\tif (err) {","\t\t\tdelete self._cols[cname];","\t\t\tcb(err);","\t\t} else","\t\t\tcb(null, c);","\t});","\treturn c;","};","","tdb.prototype.collectionNames = function (opts, cb) {","\tvar self = this;","\tif (_.isUndefined(cb)) {","\t\tcb = opts;","\t\topts = {};","\t}","\tif (this._stype==\"mem\") {","\t\tcb(null,_(self._mstore).keys().map(function (e) { return opts.namesOnly?e:{name:self._name+\".\"+e};}).value());","\t} else {","\t\tfs.readdir(self._path, safe.sure(cb,function(files) {","\t\t\t// some collections ca be on disk and some only in memory, we need both","\t\t\tfiles = _.union(files,_.keys(self._cols));","\t\t\tcb(null,_(files)","\t\t\t\t.reject(function (e) {return /^\\./.test(e);}) // ignore hidden linux alike files","\t\t\t\t.map(function (e) { return opts.namesOnly?e:{name:self._name+\".\"+e};})","\t\t\t\t.value());","\t\t}));","\t}","};","","tdb.prototype.collections = function (cb) {","\tvar self = this;","\tself.collectionNames({namesOnly:1},safe.sure(cb, function (names) {","\t\tsafe.forEach(names, function (cname, cb) {","\t\t\tself.collection(cname, cb);","\t\t},safe.sure(cb, function () {","\t\t\tcb(null, _.values(self._cols));","\t\t}));","\t}));","};","","tdb.prototype.dropCollection = function (cname, cb) {","\tvar self = this;","\tvar c = this._cols[cname];","\tif (!c) {","\t\tvar err = new Error(\"ns not found\");","\t\tif (cb) return safe.back(cb, err)","\t\t\telse throw new err;","\t}","\tc._stop(safe.sure(cb, function (ondisk) {","\t\tdelete self._cols[cname];","\t\tif (ondisk)","\t\t\tfs.unlink(path.join(self._path,cname),safe.sure(cb, function () {","\t\t\t\tcb(null, true)","\t\t\t}))","\t\telse {","\t\t\tif (self._stype==\"mem\")","\t\t\t\tdelete self._mstore[cname];","\t\t\tcb(null,true);","\t\t}","\t}))","}","","tdb.prototype.dropDatabase = function (cb) {","\tvar self = this;","\tself.collections(safe.sure(cb, function(collections) {","\t\tsafe.forEach(collections, function (c, cb) {","\t\t\tself.dropCollection(c.collectionName,cb);","\t\t},cb);","\t}));","};","","tdb.prototype.compactDatabase = function (cb) {","\tvar self = this;","\tself.collections(safe.sure(cb, function(collections) {","\t\tsafe.forEach(collections, function (c, cb) {","\t\t\tc.compactCollection(cb);","\t\t},cb);","\t}));","};","","tdb.prototype.renameCollection = function (on,nn,opts,cb) {","\tif (cb==null) {","\t\tcb = opts;","\t\topts = {};","\t}","\tcb = cb || safe.noop;","\tvar old = this._cols[on];","\tif (old)","\t\told.rename(nn, {}, cb)","\telse","\t\tsafe.back(cb);","}","","tdb.prototype._cloneDeep = function (obj) {","\tvar self = this;","\treturn _.cloneDeepWith(obj, function (c) {","\t\tif (c instanceof self.ObjectID)","\t\t\treturn new c.constructor(c.toString());","\t\tif (c instanceof self.Binary)","\t\t\treturn new c.constructor(new Buffer(c.value(true)));","\t});","};",""],"l":{"1":1,"2":1,"3":1,"4":1,"5":1,"6":1,"8":1,"9":1,"10":0,"11":0,"12":0,"13":0,"14":0,"15":0,"16":0,"18":0,"21":1,"23":1,"25":1,"28":0,"29":0,"30":0,"31":0,"34":1,"35":0,"36":0,"37":0,"39":0,"40":0,"43":0,"44":0,"45":0,"49":1,"50":0,"52":0,"53":0,"55":0,"58":1,"59":0,"62":1,"63":0,"66":1,"67":0,"68":0,"69":0,"70":0,"71":0,"72":0,"73":0,"74":0,"75":0,"76":0,"77":0,"79":0,"80":0,"81":0,"84":1,"85":0,"87":0,"88":0,"89":0,"91":0,"92":0,"93":0,"94":0,"95":0,"96":0,"97":0,"98":0,"99":0,"101":0,"102":0,"103":0,"104":0,"105":0,"106":0,"108":0,"110":0,"113":1,"114":0,"115":0,"116":0,"117":0,"119":0,"120":0,"122":0,"124":0,"125":0,"126":0,"127":0,"133":1,"134":0,"135":0,"136":0,"137":0,"139":0,"144":1,"145":0,"146":0,"147":0,"148":0,"149":0,"150":0,"152":0,"153":0,"154":0,"155":0,"156":0,"159":0,"160":0,"161":0,"166":1,"167":0,"168":0,"169":0,"170":0,"175":1,"176":0,"177":0,"178":0,"179":0,"184":1,"185":0,"186":0,"187":0,"189":0,"190":0,"191":0,"192":0,"194":0,"197":1,"198":0,"199":0,"200":0,"201":0,"202":0,"203":0}}}